

Microchip MPLAB XC8 Assembler V2.31 build 20201012212115 
                                                                                               Sun Feb 28 16:59:33 2021

Microchip MPLAB XC8 C Compiler v2.31 (Free license) build 20201012212115 Og1 
     1                           	processor	18F27Q43
     2                           	fnconf	rparam,??,?,0
     3                           	pagewidth 120
     4                           	opt	flic
     5                           	psect	idataCOMRAM,global,class=CODE,delta=1,noexec
     6                           	psect	cinit,global,reloc=2,class=CODE,delta=1
     7                           	psect	bssCOMRAM,global,class=COMRAM,space=1,delta=1,lowdata,noexec
     8                           	psect	dataCOMRAM,global,class=COMRAM,space=1,delta=1,lowdata,noexec
     9                           	psect	cstackCOMRAM,global,class=COMRAM,space=1,delta=1,lowdata,noexec
    10                           	psect	text0,global,reloc=2,class=CODE,delta=1
    11                           	psect	text1,global,reloc=2,class=CODE,delta=1
    12                           	psect	text2,global,reloc=2,class=CODE,delta=1
    13                           	psect	text3,global,reloc=2,class=CODE,delta=1
    14                           	psect	text4,global,reloc=2,class=CODE,delta=1
    15                           	psect	text5,global,reloc=2,class=CODE,delta=1
    16                           	psect	text6,global,reloc=2,class=CODE,delta=1
    17                           	psect	intsave_regs,global,class=BIGRAM,space=1,delta=1,noexec
    18                           	psect	rparam,global,class=COMRAM,space=1,delta=1,noexec
    19                           	psect	idloc,global,abs,ovrld,class=IDLOC,space=5,delta=1,noexec
    20                           	psect	config,global,abs,ovrld,class=CONFIG,space=4,delta=1,noexec
    21  0000                     
    22                           ; Version 2.30
    23                           ; Generated 20/08/2020 GMT
    24                           ; 
    25                           ; Copyright © 2020, Microchip Technology Inc. and its subsidiaries ("Microchip")
    26                           ; All rights reserved.
    27                           ; 
    28                           ; This software is developed by Microchip Technology Inc. and its subsidiaries ("Microch
      +                          ip").
    29                           ; 
    30                           ; Redistribution and use in source and binary forms, with or without modification, are
    31                           ; permitted provided that the following conditions are met:
    32                           ; 
    33                           ;     1. Redistributions of source code must retain the above copyright notice, this lis
      +                          t of
    34                           ;        conditions and the following disclaimer.
    35                           ; 
    36                           ;     2. Redistributions in binary form must reproduce the above copyright notice, this 
      +                          list
    37                           ;        of conditions and the following disclaimer in the documentation and/or other
    38                           ;        materials provided with the distribution. Publication is not required when
    39                           ;        this file is used in an embedded application.
    40                           ; 
    41                           ;     3. Microchip's name may not be used to endorse or promote products derived from th
      +                          is
    42                           ;        software without specific prior written permission.
    43                           ; 
    44                           ; THIS SOFTWARE IS PROVIDED BY MICROCHIP "AS IS" AND ANY EXPRESS OR IMPLIED WARRANTIES,
    45                           ; INCLUDING, BUT NOT LIMITED TO, THE IMPLIED WARRANTIES OF MERCHANTABILITY AND FITNESS F
      +                          OR
    46                           ; PURPOSE ARE DISCLAIMED.  IN NO EVENT SHALL MICROCHIP BE LIABLE FOR ANY DIRECT, INDIREC
      +                          T,
    47                           ; INCIDENTAL, SPECIAL, EXEMPLARY, OR CONSEQUENTIAL DAMAGES (INCLUDING BUT NOT LIMITED TO
    48                           ; PROCUREMENT OF SUBSTITUTE GOODS OR SERVICES; LOSS OF USE, DATA OR PROFITS; OR BUSINESS
    49                           ; INTERRUPTION) HOWSOEVER CAUSED AND ON ANY THEORY OF LIABILITY, WHETHER IN CONTRACT, ST
      +                          RICT
    50                           ; LIABILITY, OR TORT (INCLUDING NEGLIGENCE OR OTHERWISE) ARISING IN ANY WAY OUT OF THE U
      +                          SE OF
    51                           ; THIS SOFTWARE, EVEN IF ADVISED OF THE POSSIBILITY OF SUCH DAMAGE.
    52                           ; 
    53                           ; 
    54                           ; Code-generator required, PIC18F27Q43 Definitions
    55                           ; 
    56                           ; SFR Addresses
    57  0000                     
    58                           	psect	idataCOMRAM
    59  01FF3B                     __pidataCOMRAM:
    60                           	callstack 0
    61                           
    62                           ;initializer for UserAppRun@u8Counter
    63  01FF3B  80                 	db	128
    64  0000                     _T0CON1	set	795
    65  0000                     _T0CON0	set	794
    66  0000                     _ANSELA	set	1024
    67  0000                     _TRISA	set	1222
    68  0000                     _LATA	set	1214
    69                           
    70                           ; #config settings
    71                           
    72                           	psect	cinit
    73  01FFA0                     __pcinit:
    74                           	callstack 0
    75  01FFA0                     start_initialization:
    76                           	callstack 0
    77  01FFA0                     __initialization:
    78                           	callstack 0
    79                           
    80                           ; Initialize objects allocated to COMRAM (1 bytes)
    81                           ; load TBLPTR registers with __pidataCOMRAM
    82  01FFA0  0E3B               	movlw	low __pidataCOMRAM
    83  01FFA2  6EF6               	movwf	tblptrl,c
    84  01FFA4  0EFF               	movlw	high __pidataCOMRAM
    85  01FFA6  6EF7               	movwf	tblptrh,c
    86  01FFA8  0E01               	movlw	low (__pidataCOMRAM shr (0+16))
    87  01FFAA  6EF8               	movwf	tblptru,c
    88  01FFAC  0009               	tblrd		*+	;fetch initializer
    89  01FFAE  0061 F3D4  F50E    	movff	tablat,__pdataCOMRAM
    90                           
    91                           ; Clear objects allocated to COMRAM (13 bytes)
    92  01FFB4  EE01  F101         	lfsr	0,__pbssCOMRAM
    93  01FFB8  0E0D               	movlw	13
    94  01FFBA                     clear_0:
    95  01FFBA  6AEE               	clrf	postinc0,c
    96  01FFBC  06E8               	decf	wreg,f,c
    97  01FFBE  E1FD               	bnz	clear_0
    98  01FFC0                     end_of_initialization:
    99                           	callstack 0
   100  01FFC0                     __end_of__initialization:
   101                           	callstack 0
   102  01FFC0  0100               	movlb	0
   103  01FFC2  EFBF  F0FF         	goto	_main	;jump to C main() function
   104                           
   105                           	psect	bssCOMRAM
   106  000501                     __pbssCOMRAM:
   107                           	callstack 0
   108  000501                     _G_u32SystemFlags:
   109                           	callstack 0
   110  000501                     	ds	4
   111  000505                     _G_u32SystemTime1s:
   112                           	callstack 0
   113  000505                     	ds	4
   114  000509                     _G_u32SystemTime1ms:
   115                           	callstack 0
   116  000509                     	ds	4
   117  00050D                     _G_u8UserAppFlags:
   118                           	callstack 0
   119  00050D                     	ds	1
   120                           
   121                           	psect	dataCOMRAM
   122  00050E                     __pdataCOMRAM:
   123                           	callstack 0
   124  00050E                     UserAppRun@u8Counter:
   125                           	callstack 0
   126  00050E                     	ds	1
   127                           
   128                           	psect	cstackCOMRAM
   129  00050F                     __pcstackCOMRAM:
   130                           	callstack 0
   131  00050F                     _UserAppRun$64:
   132                           	callstack 0
   133                           
   134                           ; 1 bytes @ 0x0
   135  00050F                     	ds	1
   136  000510                     
   137                           ; 1 bytes @ 0x1
   138 ;;
   139 ;;Main: autosize = 0, tempsize = 0, incstack = 0, save=0
   140 ;;
   141 ;; *************** function _main *****************
   142 ;; Defined at:
   143 ;;		line 35 in file "main.c"
   144 ;; Parameters:    Size  Location     Type
   145 ;;		None
   146 ;; Auto vars:     Size  Location     Type
   147 ;;		None
   148 ;; Return value:  Size  Location     Type
   149 ;;                  1    wreg      void 
   150 ;; Registers used:
   151 ;;		wreg, status,2, status,0, cstack
   152 ;; Tracked objects:
   153 ;;		On entry : 0/0
   154 ;;		On exit  : 0/0
   155 ;;		Unchanged: 0/0
   156 ;; Data sizes:     COMRAM   BANK5   BANK6   BANK7   BANK8   BANK9  BANK10  BANK11  BANK12  BANK13  BANK14  BANK15  BANK1
      +6  BANK17  BANK18  BANK19  BANK20  BANK21  BANK22  BANK23  BANK24  BANK25  BANK26  BANK27  BANK28  BANK29  BANK30  BANK3
      +1  BANK32  BANK33  BANK34  BANK35  BANK36  BANK37
   157 ;;      Params:         0       0       0       0       0       0       0       0       0       0       0       0       
      +0       0       0       0       0       0       0       0       0       0       0       0       0       0       0       
      +0       0       0       0       0       0       0
   158 ;;      Locals:         0       0       0       0       0       0       0       0       0       0       0       0       
      +0       0       0       0       0       0       0       0       0       0       0       0       0       0       0       
      +0       0       0       0       0       0       0
   159 ;;      Temps:          0       0       0       0       0       0       0       0       0       0       0       0       
      +0       0       0       0       0       0       0       0       0       0       0       0       0       0       0       
      +0       0       0       0       0       0       0
   160 ;;      Totals:         0       0       0       0       0       0       0       0       0       0       0       0       
      +0       0       0       0       0       0       0       0       0       0       0       0       0       0       0       
      +0       0       0       0       0       0       0
   161 ;;Total ram usage:        0 bytes
   162 ;; Hardware stack levels required when called:    1
   163 ;; This function calls:
   164 ;;		_ClockSetup
   165 ;;		_GpioSetup
   166 ;;		_SysTickSetup
   167 ;;		_SystemSleep
   168 ;;		_UserAppInitialize
   169 ;;		_UserAppRun
   170 ;; This function is called by:
   171 ;;		Startup code after reset
   172 ;; This function uses a non-reentrant model
   173 ;;
   174                           
   175                           	psect	text0
   176  01FF7E                     __ptext0:
   177                           	callstack 0
   178  01FF7E                     _main:
   179                           	callstack 127
   180  01FF7E                     
   181                           ;main.c: 37:   G_u32SystemFlags |= (u32)0x80000000;
   182  01FF7E  8E04               	bsf	(_G_u32SystemFlags+3)^(0+1280),7,c	;volatile
   183  01FF80                     
   184                           ;main.c: 40:   ClockSetup();
   185  01FF80  EC9E  F0FF         	call	_ClockSetup	;wreg free
   186  01FF84                     
   187                           ;main.c: 41:   SysTickSetup();
   188  01FF84  ECAE  F0FF         	call	_SysTickSetup	;wreg free
   189  01FF88                     
   190                           ;main.c: 42:   GpioSetup();
   191  01FF88  ECA6  F0FF         	call	_GpioSetup	;wreg free
   192  01FF8C                     
   193                           ;main.c: 47:   UserAppInitialize();
   194  01FF8C  ECA0  F0FF         	call	_UserAppInitialize	;wreg free
   195  01FF90                     l799:
   196                           
   197                           ;main.c: 53:   {;main.c: 57:     UserAppRun();
   198  01FF90  ECE3  F0FF         	call	_UserAppRun	;wreg free
   199  01FF94                     
   200                           ;main.c: 62:     SystemSleep();
   201  01FF94  EC9F  F0FF         	call	_SystemSleep	;wreg free
   202  01FF98  EFC8  F0FF         	goto	l799
   203  01FF9C  EFFE  F0FF         	goto	start
   204  01FFA0                     __end_of_main:
   205                           	callstack 0
   206                           
   207 ;; *************** function _UserAppRun *****************
   208 ;; Defined at:
   209 ;;		line 100 in file "user_app.c"
   210 ;; Parameters:    Size  Location     Type
   211 ;;		None
   212 ;; Auto vars:     Size  Location     Type
   213 ;;		None
   214 ;; Return value:  Size  Location     Type
   215 ;;                  1    wreg      void 
   216 ;; Registers used:
   217 ;;		wreg, status,2, status,0
   218 ;; Tracked objects:
   219 ;;		On entry : 0/0
   220 ;;		On exit  : 0/0
   221 ;;		Unchanged: 0/0
   222 ;; Data sizes:     COMRAM   BANK5   BANK6   BANK7   BANK8   BANK9  BANK10  BANK11  BANK12  BANK13  BANK14  BANK15  BANK1
      +6  BANK17  BANK18  BANK19  BANK20  BANK21  BANK22  BANK23  BANK24  BANK25  BANK26  BANK27  BANK28  BANK29  BANK30  BANK3
      +1  BANK32  BANK33  BANK34  BANK35  BANK36  BANK37
   223 ;;      Params:         0       0       0       0       0       0       0       0       0       0       0       0       
      +0       0       0       0       0       0       0       0       0       0       0       0       0       0       0       
      +0       0       0       0       0       0       0
   224 ;;      Locals:         1       0       0       0       0       0       0       0       0       0       0       0       
      +0       0       0       0       0       0       0       0       0       0       0       0       0       0       0       
      +0       0       0       0       0       0       0
   225 ;;      Temps:          0       0       0       0       0       0       0       0       0       0       0       0       
      +0       0       0       0       0       0       0       0       0       0       0       0       0       0       0       
      +0       0       0       0       0       0       0
   226 ;;      Totals:         1       0       0       0       0       0       0       0       0       0       0       0       
      +0       0       0       0       0       0       0       0       0       0       0       0       0       0       0       
      +0       0       0       0       0       0       0
   227 ;;Total ram usage:        1 bytes
   228 ;; Hardware stack levels used:    1
   229 ;; This function calls:
   230 ;;		Nothing
   231 ;; This function is called by:
   232 ;;		_main
   233 ;; This function uses a non-reentrant model
   234 ;;
   235                           
   236                           	psect	text1
   237  01FFC6                     __ptext1:
   238                           	callstack 0
   239  01FFC6                     _UserAppRun:
   240                           	callstack 127
   241  01FFC6                     
   242                           ;user_app.c: 103:     static u8 u8Counter=0x80;;user_app.c: 105:     if(u8Counter==0xFF)
   243  01FFC6  280E               	incf	UserAppRun@u8Counter^(0+1280),w,c
   244  01FFC8  A4D8               	btfss	status,2,c
   245  01FFCA  EFE9  F0FF         	goto	u31
   246  01FFCE  EFEB  F0FF         	goto	u30
   247  01FFD2                     u31:
   248  01FFD2  EFF9  F0FF         	goto	l785
   249  01FFD6                     u30:
   250  01FFD6                     
   251                           ;user_app.c: 106:     {;user_app.c: 107:         u8Counter=u8Counter && 0x80;
   252  01FFD6  0E00               	movlw	0
   253  01FFD8  6E0F               	movwf	_UserAppRun$64^(0+1280),c
   254  01FFDA  500E               	movf	UserAppRun@u8Counter^(0+1280),w,c
   255  01FFDC  B4D8               	btfsc	status,2,c
   256  01FFDE  EFF3  F0FF         	goto	u41
   257  01FFE2  EFF5  F0FF         	goto	u40
   258  01FFE6                     u41:
   259  01FFE6  EFF7  F0FF         	goto	l783
   260  01FFEA                     u40:
   261  01FFEA  0E01               	movlw	1
   262  01FFEC  6E0F               	movwf	_UserAppRun$64^(0+1280),c
   263  01FFEE                     l783:
   264  01FFEE  C50F  F50E         	movff	_UserAppRun$64,UserAppRun@u8Counter
   265  01FFF2                     l785:
   266                           
   267                           ;user_app.c: 110:     LATA=u8Counter;
   268  01FFF2  0061  F438  F4BE   	movff	UserAppRun@u8Counter,1214	;volatile
   269  01FFF8                     
   270                           ;user_app.c: 112:     u8Counter++;
   271  01FFF8  2A0E               	incf	UserAppRun@u8Counter^(0+1280),f,c
   272  01FFFA  0012               	return		;funcret
   273  01FFFC                     __end_of_UserAppRun:
   274                           	callstack 0
   275                           
   276 ;; *************** function _UserAppInitialize *****************
   277 ;; Defined at:
   278 ;;		line 76 in file "user_app.c"
   279 ;; Parameters:    Size  Location     Type
   280 ;;		None
   281 ;; Auto vars:     Size  Location     Type
   282 ;;		None
   283 ;; Return value:  Size  Location     Type
   284 ;;                  1    wreg      void 
   285 ;; Registers used:
   286 ;;		wreg, status,2
   287 ;; Tracked objects:
   288 ;;		On entry : 0/0
   289 ;;		On exit  : 0/0
   290 ;;		Unchanged: 0/0
   291 ;; Data sizes:     COMRAM   BANK5   BANK6   BANK7   BANK8   BANK9  BANK10  BANK11  BANK12  BANK13  BANK14  BANK15  BANK1
      +6  BANK17  BANK18  BANK19  BANK20  BANK21  BANK22  BANK23  BANK24  BANK25  BANK26  BANK27  BANK28  BANK29  BANK30  BANK3
      +1  BANK32  BANK33  BANK34  BANK35  BANK36  BANK37
   292 ;;      Params:         0       0       0       0       0       0       0       0       0       0       0       0       
      +0       0       0       0       0       0       0       0       0       0       0       0       0       0       0       
      +0       0       0       0       0       0       0
   293 ;;      Locals:         0       0       0       0       0       0       0       0       0       0       0       0       
      +0       0       0       0       0       0       0       0       0       0       0       0       0       0       0       
      +0       0       0       0       0       0       0
   294 ;;      Temps:          0       0       0       0       0       0       0       0       0       0       0       0       
      +0       0       0       0       0       0       0       0       0       0       0       0       0       0       0       
      +0       0       0       0       0       0       0
   295 ;;      Totals:         0       0       0       0       0       0       0       0       0       0       0       0       
      +0       0       0       0       0       0       0       0       0       0       0       0       0       0       0       
      +0       0       0       0       0       0       0
   296 ;;Total ram usage:        0 bytes
   297 ;; Hardware stack levels used:    1
   298 ;; This function calls:
   299 ;;		Nothing
   300 ;; This function is called by:
   301 ;;		_main
   302 ;; This function uses a non-reentrant model
   303 ;;
   304                           
   305                           	psect	text2
   306  01FF40                     __ptext2:
   307                           	callstack 0
   308  01FF40                     _UserAppInitialize:
   309                           	callstack 127
   310  01FF40                     
   311                           ;user_app.c: 78:     T0CON0=10010000;
   312  01FF40  0E90               	movlw	144
   313  01FF42  0103               	movlb	3	; () banked
   314  01FF44  6F1A               	movwf	26,b	;volatile
   315                           
   316                           ;user_app.c: 80:     T0CON1=01011000;
   317  01FF46  0E00               	movlw	0
   318  01FF48  6F1B               	movwf	27,b	;volatile
   319  01FF4A                     
   320                           ; BSR set to: 3
   321  01FF4A  0012               	return		;funcret
   322  01FF4C                     __end_of_UserAppInitialize:
   323                           	callstack 0
   324                           
   325 ;; *************** function _SystemSleep *****************
   326 ;; Defined at:
   327 ;;		line 133 in file "encm369_pic18.c"
   328 ;; Parameters:    Size  Location     Type
   329 ;;		None
   330 ;; Auto vars:     Size  Location     Type
   331 ;;		None
   332 ;; Return value:  Size  Location     Type
   333 ;;                  1    wreg      void 
   334 ;; Registers used:
   335 ;;		None
   336 ;; Tracked objects:
   337 ;;		On entry : 0/0
   338 ;;		On exit  : 0/0
   339 ;;		Unchanged: 0/0
   340 ;; Data sizes:     COMRAM   BANK5   BANK6   BANK7   BANK8   BANK9  BANK10  BANK11  BANK12  BANK13  BANK14  BANK15  BANK1
      +6  BANK17  BANK18  BANK19  BANK20  BANK21  BANK22  BANK23  BANK24  BANK25  BANK26  BANK27  BANK28  BANK29  BANK30  BANK3
      +1  BANK32  BANK33  BANK34  BANK35  BANK36  BANK37
   341 ;;      Params:         0       0       0       0       0       0       0       0       0       0       0       0       
      +0       0       0       0       0       0       0       0       0       0       0       0       0       0       0       
      +0       0       0       0       0       0       0
   342 ;;      Locals:         0       0       0       0       0       0       0       0       0       0       0       0       
      +0       0       0       0       0       0       0       0       0       0       0       0       0       0       0       
      +0       0       0       0       0       0       0
   343 ;;      Temps:          0       0       0       0       0       0       0       0       0       0       0       0       
      +0       0       0       0       0       0       0       0       0       0       0       0       0       0       0       
      +0       0       0       0       0       0       0
   344 ;;      Totals:         0       0       0       0       0       0       0       0       0       0       0       0       
      +0       0       0       0       0       0       0       0       0       0       0       0       0       0       0       
      +0       0       0       0       0       0       0
   345 ;;Total ram usage:        0 bytes
   346 ;; Hardware stack levels used:    1
   347 ;; This function calls:
   348 ;;		Nothing
   349 ;; This function is called by:
   350 ;;		_main
   351 ;; This function uses a non-reentrant model
   352 ;;
   353                           
   354                           	psect	text3
   355  01FF3E                     __ptext3:
   356                           	callstack 0
   357  01FF3E                     _SystemSleep:
   358                           	callstack 127
   359  01FF3E  0012               	return		;funcret
   360  01FF40                     __end_of_SystemSleep:
   361                           	callstack 0
   362                           
   363 ;; *************** function _SysTickSetup *****************
   364 ;; Defined at:
   365 ;;		line 111 in file "encm369_pic18.c"
   366 ;; Parameters:    Size  Location     Type
   367 ;;		None
   368 ;; Auto vars:     Size  Location     Type
   369 ;;		None
   370 ;; Return value:  Size  Location     Type
   371 ;;                  1    wreg      void 
   372 ;; Registers used:
   373 ;;		wreg, status,2
   374 ;; Tracked objects:
   375 ;;		On entry : 0/0
   376 ;;		On exit  : 0/0
   377 ;;		Unchanged: 0/0
   378 ;; Data sizes:     COMRAM   BANK5   BANK6   BANK7   BANK8   BANK9  BANK10  BANK11  BANK12  BANK13  BANK14  BANK15  BANK1
      +6  BANK17  BANK18  BANK19  BANK20  BANK21  BANK22  BANK23  BANK24  BANK25  BANK26  BANK27  BANK28  BANK29  BANK30  BANK3
      +1  BANK32  BANK33  BANK34  BANK35  BANK36  BANK37
   379 ;;      Params:         0       0       0       0       0       0       0       0       0       0       0       0       
      +0       0       0       0       0       0       0       0       0       0       0       0       0       0       0       
      +0       0       0       0       0       0       0
   380 ;;      Locals:         0       0       0       0       0       0       0       0       0       0       0       0       
      +0       0       0       0       0       0       0       0       0       0       0       0       0       0       0       
      +0       0       0       0       0       0       0
   381 ;;      Temps:          0       0       0       0       0       0       0       0       0       0       0       0       
      +0       0       0       0       0       0       0       0       0       0       0       0       0       0       0       
      +0       0       0       0       0       0       0
   382 ;;      Totals:         0       0       0       0       0       0       0       0       0       0       0       0       
      +0       0       0       0       0       0       0       0       0       0       0       0       0       0       0       
      +0       0       0       0       0       0       0
   383 ;;Total ram usage:        0 bytes
   384 ;; Hardware stack levels used:    1
   385 ;; This function calls:
   386 ;;		Nothing
   387 ;; This function is called by:
   388 ;;		_main
   389 ;; This function uses a non-reentrant model
   390 ;;
   391                           
   392                           	psect	text4
   393  01FF5C                     __ptext4:
   394                           	callstack 0
   395  01FF5C                     _SysTickSetup:
   396                           	callstack 127
   397  01FF5C                     
   398                           ;encm369_pic18.c: 113:   G_u32SystemTime1ms = 0;
   399  01FF5C  0E00               	movlw	0
   400  01FF5E  6E09               	movwf	_G_u32SystemTime1ms^(0+1280),c	;volatile
   401  01FF60  0E00               	movlw	0
   402  01FF62  6E0A               	movwf	(_G_u32SystemTime1ms+1)^(0+1280),c	;volatile
   403  01FF64  0E00               	movlw	0
   404  01FF66  6E0B               	movwf	(_G_u32SystemTime1ms+2)^(0+1280),c	;volatile
   405  01FF68  0E00               	movlw	0
   406  01FF6A  6E0C               	movwf	(_G_u32SystemTime1ms+3)^(0+1280),c	;volatile
   407                           
   408                           ;encm369_pic18.c: 114:   G_u32SystemTime1s = 0;
   409  01FF6C  0E00               	movlw	0
   410  01FF6E  6E05               	movwf	_G_u32SystemTime1s^(0+1280),c	;volatile
   411  01FF70  0E00               	movlw	0
   412  01FF72  6E06               	movwf	(_G_u32SystemTime1s+1)^(0+1280),c	;volatile
   413  01FF74  0E00               	movlw	0
   414  01FF76  6E07               	movwf	(_G_u32SystemTime1s+2)^(0+1280),c	;volatile
   415  01FF78  0E00               	movlw	0
   416  01FF7A  6E08               	movwf	(_G_u32SystemTime1s+3)^(0+1280),c	;volatile
   417  01FF7C  0012               	return		;funcret
   418  01FF7E                     __end_of_SysTickSetup:
   419                           	callstack 0
   420                           
   421 ;; *************** function _GpioSetup *****************
   422 ;; Defined at:
   423 ;;		line 89 in file "encm369_pic18.c"
   424 ;; Parameters:    Size  Location     Type
   425 ;;		None
   426 ;; Auto vars:     Size  Location     Type
   427 ;;		None
   428 ;; Return value:  Size  Location     Type
   429 ;;                  1    wreg      void 
   430 ;; Registers used:
   431 ;;		wreg, status,2
   432 ;; Tracked objects:
   433 ;;		On entry : 0/0
   434 ;;		On exit  : 0/0
   435 ;;		Unchanged: 0/0
   436 ;; Data sizes:     COMRAM   BANK5   BANK6   BANK7   BANK8   BANK9  BANK10  BANK11  BANK12  BANK13  BANK14  BANK15  BANK1
      +6  BANK17  BANK18  BANK19  BANK20  BANK21  BANK22  BANK23  BANK24  BANK25  BANK26  BANK27  BANK28  BANK29  BANK30  BANK3
      +1  BANK32  BANK33  BANK34  BANK35  BANK36  BANK37
   437 ;;      Params:         0       0       0       0       0       0       0       0       0       0       0       0       
      +0       0       0       0       0       0       0       0       0       0       0       0       0       0       0       
      +0       0       0       0       0       0       0
   438 ;;      Locals:         0       0       0       0       0       0       0       0       0       0       0       0       
      +0       0       0       0       0       0       0       0       0       0       0       0       0       0       0       
      +0       0       0       0       0       0       0
   439 ;;      Temps:          0       0       0       0       0       0       0       0       0       0       0       0       
      +0       0       0       0       0       0       0       0       0       0       0       0       0       0       0       
      +0       0       0       0       0       0       0
   440 ;;      Totals:         0       0       0       0       0       0       0       0       0       0       0       0       
      +0       0       0       0       0       0       0       0       0       0       0       0       0       0       0       
      +0       0       0       0       0       0       0
   441 ;;Total ram usage:        0 bytes
   442 ;; Hardware stack levels used:    1
   443 ;; This function calls:
   444 ;;		Nothing
   445 ;; This function is called by:
   446 ;;		_main
   447 ;; This function uses a non-reentrant model
   448 ;;
   449                           
   450                           	psect	text5
   451  01FF4C                     __ptext5:
   452                           	callstack 0
   453  01FF4C                     _GpioSetup:
   454                           	callstack 127
   455  01FF4C                     
   456                           ;encm369_pic18.c: 92:     LATA=0x80;
   457  01FF4C  0E80               	movlw	128
   458  01FF4E  6EBE               	movwf	190,c	;volatile
   459                           
   460                           ;encm369_pic18.c: 93:     TRISA=0x00;
   461  01FF50  0E00               	movlw	0
   462  01FF52  6EC6               	movwf	198,c	;volatile
   463                           
   464                           ;encm369_pic18.c: 94:     ANSELA=0x00;
   465  01FF54  0E00               	movlw	0
   466  01FF56  0104               	movlb	4	; () banked
   467  01FF58  6F00               	movwf	0,b	;volatile
   468  01FF5A                     
   469                           ; BSR set to: 4
   470  01FF5A  0012               	return		;funcret
   471  01FF5C                     __end_of_GpioSetup:
   472                           	callstack 0
   473                           
   474 ;; *************** function _ClockSetup *****************
   475 ;; Defined at:
   476 ;;		line 70 in file "encm369_pic18.c"
   477 ;; Parameters:    Size  Location     Type
   478 ;;		None
   479 ;; Auto vars:     Size  Location     Type
   480 ;;		None
   481 ;; Return value:  Size  Location     Type
   482 ;;                  1    wreg      void 
   483 ;; Registers used:
   484 ;;		None
   485 ;; Tracked objects:
   486 ;;		On entry : 0/0
   487 ;;		On exit  : 0/0
   488 ;;		Unchanged: 0/0
   489 ;; Data sizes:     COMRAM   BANK5   BANK6   BANK7   BANK8   BANK9  BANK10  BANK11  BANK12  BANK13  BANK14  BANK15  BANK1
      +6  BANK17  BANK18  BANK19  BANK20  BANK21  BANK22  BANK23  BANK24  BANK25  BANK26  BANK27  BANK28  BANK29  BANK30  BANK3
      +1  BANK32  BANK33  BANK34  BANK35  BANK36  BANK37
   490 ;;      Params:         0       0       0       0       0       0       0       0       0       0       0       0       
      +0       0       0       0       0       0       0       0       0       0       0       0       0       0       0       
      +0       0       0       0       0       0       0
   491 ;;      Locals:         0       0       0       0       0       0       0       0       0       0       0       0       
      +0       0       0       0       0       0       0       0       0       0       0       0       0       0       0       
      +0       0       0       0       0       0       0
   492 ;;      Temps:          0       0       0       0       0       0       0       0       0       0       0       0       
      +0       0       0       0       0       0       0       0       0       0       0       0       0       0       0       
      +0       0       0       0       0       0       0
   493 ;;      Totals:         0       0       0       0       0       0       0       0       0       0       0       0       
      +0       0       0       0       0       0       0       0       0       0       0       0       0       0       0       
      +0       0       0       0       0       0       0
   494 ;;Total ram usage:        0 bytes
   495 ;; Hardware stack levels used:    1
   496 ;; This function calls:
   497 ;;		Nothing
   498 ;; This function is called by:
   499 ;;		_main
   500 ;; This function uses a non-reentrant model
   501 ;;
   502                           
   503                           	psect	text6
   504  01FF3C                     __ptext6:
   505                           	callstack 0
   506  01FF3C                     _ClockSetup:
   507                           	callstack 127
   508  01FF3C  0012               	return		;funcret
   509  01FF3E                     __end_of_ClockSetup:
   510                           	callstack 0
   511  0000                     
   512                           	psect	rparam
   513  0000                     
   514                           	psect	idloc
   515                           
   516                           ;Config register IDLOC0 @ 0x200000
   517                           ;	unspecified, using default values
   518  200000                     	org	2097152
   519  200000  0FFF               	dw	4095
   520                           
   521                           ;Config register IDLOC1 @ 0x200002
   522                           ;	unspecified, using default values
   523  200002                     	org	2097154
   524  200002  0FFF               	dw	4095
   525                           
   526                           ;Config register IDLOC2 @ 0x200004
   527                           ;	unspecified, using default values
   528  200004                     	org	2097156
   529  200004  0FFF               	dw	4095
   530                           
   531                           ;Config register IDLOC3 @ 0x200006
   532                           ;	unspecified, using default values
   533  200006                     	org	2097158
   534  200006  0FFF               	dw	4095
   535                           
   536                           ;Config register IDLOC4 @ 0x200008
   537                           ;	unspecified, using default values
   538  200008                     	org	2097160
   539  200008  0FFF               	dw	4095
   540                           
   541                           ;Config register IDLOC5 @ 0x20000A
   542                           ;	unspecified, using default values
   543  20000A                     	org	2097162
   544  20000A  0FFF               	dw	4095
   545                           
   546                           ;Config register IDLOC6 @ 0x20000C
   547                           ;	unspecified, using default values
   548  20000C                     	org	2097164
   549  20000C  0FFF               	dw	4095
   550                           
   551                           ;Config register IDLOC7 @ 0x20000E
   552                           ;	unspecified, using default values
   553  20000E                     	org	2097166
   554  20000E  0FFF               	dw	4095
   555                           
   556                           ;Config register IDLOC8 @ 0x200010
   557                           ;	unspecified, using default values
   558  200010                     	org	2097168
   559  200010  0FFF               	dw	4095
   560                           
   561                           ;Config register IDLOC9 @ 0x200012
   562                           ;	unspecified, using default values
   563  200012                     	org	2097170
   564  200012  0FFF               	dw	4095
   565                           
   566                           ;Config register IDLOC10 @ 0x200014
   567                           ;	unspecified, using default values
   568  200014                     	org	2097172
   569  200014  0FFF               	dw	4095
   570                           
   571                           ;Config register IDLOC11 @ 0x200016
   572                           ;	unspecified, using default values
   573  200016                     	org	2097174
   574  200016  0FFF               	dw	4095
   575                           
   576                           ;Config register IDLOC12 @ 0x200018
   577                           ;	unspecified, using default values
   578  200018                     	org	2097176
   579  200018  0FFF               	dw	4095
   580                           
   581                           ;Config register IDLOC13 @ 0x20001A
   582                           ;	unspecified, using default values
   583  20001A                     	org	2097178
   584  20001A  0FFF               	dw	4095
   585                           
   586                           ;Config register IDLOC14 @ 0x20001C
   587                           ;	unspecified, using default values
   588  20001C                     	org	2097180
   589  20001C  0FFF               	dw	4095
   590                           
   591                           ;Config register IDLOC15 @ 0x20001E
   592                           ;	unspecified, using default values
   593  20001E                     	org	2097182
   594  20001E  0FFF               	dw	4095
   595                           
   596                           	psect	config
   597                           
   598                           ;Config register CONFIG1 @ 0x300000
   599                           ;	External Oscillator Selection
   600                           ;	FEXTOSC = OFF, Oscillator not enabled
   601                           ;	Reset Oscillator Selection
   602                           ;	RSTOSC = HFINTOSC_64MHZ, HFINTOSC with HFFRQ = 64 MHz and CDIV = 1:1
   603  300000                     	org	3145728
   604  300000  8C                 	db	140
   605                           
   606                           ;Config register CONFIG2 @ 0x300001
   607                           ;	Clock out Enable bit
   608                           ;	CLKOUTEN = ON, CLKOUT function is enabled
   609                           ;	PRLOCKED One-Way Set Enable bit
   610                           ;	PR1WAY = ON, PRLOCKED bit can be cleared and set only once
   611                           ;	Clock Switch Enable bit
   612                           ;	CSWEN = ON, Writing to NOSC and NDIV is allowed
   613                           ;	Fail-Safe Clock Monitor Enable bit
   614                           ;	FCMEN = ON, Fail-Safe Clock Monitor enabled
   615  300001                     	org	3145729
   616  300001  FE                 	db	254
   617                           
   618                           ;Config register CONFIG3 @ 0x300002
   619                           ;	MCLR Enable bit
   620                           ;	MCLRE = EXTMCLR, If LVP = 0, MCLR pin is MCLR; If LVP = 1, RE3 pin function is MCLR
   621                           ;	Power-up timer selection bits
   622                           ;	PWRTS = PWRT_OFF, PWRT is disabled
   623                           ;	Multi-vector enable bit
   624                           ;	MVECEN = ON, Multi-vector enabled, Vector table used for interrupts
   625                           ;	IVTLOCK bit One-way set enable bit
   626                           ;	IVT1WAY = ON, IVTLOCKED bit can be cleared and set only once
   627                           ;	Low Power BOR Enable bit
   628                           ;	LPBOREN = OFF, Low-Power BOR disabled
   629                           ;	Brown-out Reset Enable bits
   630                           ;	BOREN = SBORDIS, Brown-out Reset enabled , SBOREN bit is ignored
   631  300002                     	org	3145730
   632  300002  FF                 	db	255
   633                           
   634                           ;Config register CONFIG4 @ 0x300003
   635                           ;	Brown-out Reset Voltage Selection bits
   636                           ;	BORV = VBOR_2P85, Brown-out Reset Voltage (VBOR) set to 2.8V
   637                           ;	ZCD Disable bit
   638                           ;	ZCD = OFF, ZCD module is disabled. ZCD can be enabled by setting the ZCDSEN bit of ZCD
      +                          CON
   639                           ;	PPSLOCK bit One-Way Set Enable bit
   640                           ;	PPS1WAY = ON, PPSLOCKED bit can be cleared and set only once; PPS registers remain loc
      +                          ked after one clear/set cycle
   641                           ;	Stack Full/Underflow Reset Enable bit
   642                           ;	STVREN = ON, Stack full/underflow will cause Reset
   643                           ;	Low Voltage Programming Enable bit
   644                           ;	LVP = ON, Low voltage programming enabled. MCLR/VPP pin function is MCLR. MCLRE config
      +                          uration bit is ignored
   645                           ;	Extended Instruction Set Enable bit
   646                           ;	XINST = OFF, Extended Instruction Set and Indexed Addressing Mode disabled
   647  300003                     	org	3145731
   648  300003  FC                 	db	252
   649                           
   650                           ;Config register CONFIG5 @ 0x300004
   651                           ;	WDT Period selection bits
   652                           ;	WDTCPS = WDTCPS_31, Divider ratio 1:65536; software control of WDTPS
   653                           ;	WDT operating mode
   654                           ;	WDTE = OFF, WDT Disabled; SWDTEN is ignored
   655  300004                     	org	3145732
   656  300004  9F                 	db	159
   657                           
   658                           ;Config register CONFIG6 @ 0x300005
   659                           ;	WDT Window Select bits
   660                           ;	WDTCWS = WDTCWS_7, window always open (100%); software control; keyed access not requi
      +                          red
   661                           ;	WDT input clock selector
   662                           ;	WDTCCS = SC, Software Control
   663  300005                     	org	3145733
   664  300005  FF                 	db	255
   665                           
   666                           ;Config register CONFIG7 @ 0x300006
   667                           ;	Boot Block Size selection bits
   668                           ;	BBSIZE = BBSIZE_512, Boot Block size is 512 words
   669                           ;	Boot Block enable bit
   670                           ;	BBEN = OFF, Boot block disabled
   671                           ;	Storage Area Flash enable bit
   672                           ;	SAFEN = OFF, SAF disabled
   673                           ;	Background Debugger
   674                           ;	DEBUG = OFF, Background Debugger disabled
   675  300006                     	org	3145734
   676  300006  FF                 	db	255
   677                           
   678                           ;Config register CONFIG8 @ 0x300007
   679                           ;	Boot Block Write Protection bit
   680                           ;	WRTB = OFF, Boot Block not Write protected
   681                           ;	Configuration Register Write Protection bit
   682                           ;	WRTC = OFF, Configuration registers not Write protected
   683                           ;	Data EEPROM Write Protection bit
   684                           ;	WRTD = OFF, Data EEPROM not Write protected
   685                           ;	SAF Write protection bit
   686                           ;	WRTSAF = OFF, SAF not Write Protected
   687                           ;	Application Block write protection bit
   688                           ;	WRTAPP = OFF, Application Block not write protected
   689  300007                     	org	3145735
   690  300007  FF                 	db	255
   691                           
   692                           ; Padding undefined space
   693  300008                     	org	3145736
   694  300008  FF                 	db	255
   695                           
   696                           ;Config register CONFIG10 @ 0x300009
   697                           ;	PFM and Data EEPROM Code Protection bit
   698                           ;	CP = OFF, PFM and Data EEPROM code protection disabled
   699  300009                     	org	3145737
   700  300009  FF                 	db	255
   701                           tosu	equ	0x4FF
   702                           tosh	equ	0x4FE
   703                           tosl	equ	0x4FD
   704                           stkptr	equ	0x4FC
   705                           pclatu	equ	0x4FB
   706                           pclath	equ	0x4FA
   707                           pcl	equ	0x4F9
   708                           tblptru	equ	0x4F8
   709                           tblptrh	equ	0x4F7
   710                           tblptrl	equ	0x4F6
   711                           tablat	equ	0x4F5
   712                           prodh	equ	0x4F4
   713                           prodl	equ	0x4F3
   714                           indf0	equ	0x4EF
   715                           postinc0	equ	0x4EE
   716                           postdec0	equ	0x4ED
   717                           preinc0	equ	0x4EC
   718                           plusw0	equ	0x4EB
   719                           fsr0h	equ	0x4EA
   720                           fsr0l	equ	0x4E9
   721                           wreg	equ	0x4E8
   722                           indf1	equ	0x4E7
   723                           postinc1	equ	0x4E6
   724                           postdec1	equ	0x4E5
   725                           preinc1	equ	0x4E4
   726                           plusw1	equ	0x4E3
   727                           fsr1h	equ	0x4E2
   728                           fsr1l	equ	0x4E1
   729                           bsr	equ	0x4E0
   730                           indf2	equ	0x4DF
   731                           postinc2	equ	0x4DE
   732                           postdec2	equ	0x4DD
   733                           preinc2	equ	0x4DC
   734                           plusw2	equ	0x4DB
   735                           fsr2h	equ	0x4DA
   736                           fsr2l	equ	0x4D9
   737                           status	equ	0x4D8

Data Sizes:
    Strings     0
    Constant    0
    Data        1
    BSS         13
    Persistent  0
    Stack       0

Auto Spaces:
    Space          Size  Autos    Used
    COMRAM           95      1      15
    BANK5           160      0       0
    BANK6           256      0       0
    BANK7           256      0       0
    BANK8           256      0       0
    BANK9           256      0       0
    BANK10          256      0       0
    BANK11          256      0       0
    BANK12          256      0       0
    BANK13          256      0       0
    BANK14          256      0       0
    BANK15          256      0       0
    BANK16          256      0       0
    BANK17          256      0       0
    BANK18          256      0       0
    BANK19          256      0       0
    BANK20          256      0       0
    BANK21          256      0       0
    BANK22          256      0       0
    BANK23          256      0       0
    BANK24          256      0       0
    BANK25          256      0       0
    BANK26          256      0       0
    BANK27          256      0       0
    BANK28          256      0       0
    BANK29          256      0       0
    BANK30          256      0       0
    BANK31          256      0       0
    BANK32          256      0       0
    BANK33          256      0       0
    BANK34          256      0       0
    BANK35          256      0       0
    BANK36          256      0       0
    BANK37          256      0       0

Pointer List with Targets:

    None.

Critical Paths under _main in COMRAM

    _main->_UserAppRun

Critical Paths under _main in BANK5

    None.

Critical Paths under _main in BANK6

    None.

Critical Paths under _main in BANK7

    None.

Critical Paths under _main in BANK8

    None.

Critical Paths under _main in BANK9

    None.

Critical Paths under _main in BANK10

    None.

Critical Paths under _main in BANK11

    None.

Critical Paths under _main in BANK12

    None.

Critical Paths under _main in BANK13

    None.

Critical Paths under _main in BANK14

    None.

Critical Paths under _main in BANK15

    None.

Critical Paths under _main in BANK16

    None.

Critical Paths under _main in BANK17

    None.

Critical Paths under _main in BANK18

    None.

Critical Paths under _main in BANK19

    None.

Critical Paths under _main in BANK20

    None.

Critical Paths under _main in BANK21

    None.

Critical Paths under _main in BANK22

    None.

Critical Paths under _main in BANK23

    None.

Critical Paths under _main in BANK24

    None.

Critical Paths under _main in BANK25

    None.

Critical Paths under _main in BANK26

    None.

Critical Paths under _main in BANK27

    None.

Critical Paths under _main in BANK28

    None.

Critical Paths under _main in BANK29

    None.

Critical Paths under _main in BANK30

    None.

Critical Paths under _main in BANK31

    None.

Critical Paths under _main in BANK32

    None.

Critical Paths under _main in BANK33

    None.

Critical Paths under _main in BANK34

    None.

Critical Paths under _main in BANK35

    None.

Critical Paths under _main in BANK36

    None.

Critical Paths under _main in BANK37

    None.

Call Graph Tables:

 ---------------------------------------------------------------------------------
 (Depth) Function   	        Calls       Base Space   Used Autos Params    Refs
 ---------------------------------------------------------------------------------
 (0) _main                                                 0     0      0      24
                         _ClockSetup
                          _GpioSetup
                       _SysTickSetup
                        _SystemSleep
                  _UserAppInitialize
                         _UserAppRun
 ---------------------------------------------------------------------------------
 (1) _UserAppRun                                           1     1      0      24
                                              0 COMRAM     1     1      0
 ---------------------------------------------------------------------------------
 (1) _UserAppInitialize                                    0     0      0       0
 ---------------------------------------------------------------------------------
 (1) _SystemSleep                                          0     0      0       0
 ---------------------------------------------------------------------------------
 (1) _SysTickSetup                                         0     0      0       0
 ---------------------------------------------------------------------------------
 (1) _GpioSetup                                            0     0      0       0
 ---------------------------------------------------------------------------------
 (1) _ClockSetup                                           0     0      0       0
 ---------------------------------------------------------------------------------
 Estimated maximum stack depth 1
 ---------------------------------------------------------------------------------

 Call Graph Graphs:

 _main (ROOT)
   _ClockSetup
   _GpioSetup
   _SysTickSetup
   _SystemSleep
   _UserAppInitialize
   _UserAppRun

 Address spaces:
Name               Size   Autos  Total    Cost      Usage
BIGRAM            20FF      0       0      71        0.0%
EEDATA             400      0       0       0        0.0%
BITBANK37          100      0       0      70        0.0%
BANK37             100      0       0      68        0.0%
BITBANK36          100      0       0      66        0.0%
BANK36             100      0       0      67        0.0%
BITBANK35          100      0       0      64        0.0%
BANK35             100      0       0      65        0.0%
BITBANK34          100      0       0      62        0.0%
BANK34             100      0       0      63        0.0%
BITBANK33          100      0       0      60        0.0%
BANK33             100      0       0      61        0.0%
BITBANK32          100      0       0      58        0.0%
BANK32             100      0       0      59        0.0%
BITBANK31          100      0       0      56        0.0%
BANK31             100      0       0      57        0.0%
BITBANK30          100      0       0      54        0.0%
BANK30             100      0       0      55        0.0%
BITBANK29          100      0       0      52        0.0%
BANK29             100      0       0      53        0.0%
BITBANK28          100      0       0      50        0.0%
BANK28             100      0       0      51        0.0%
BITBANK27          100      0       0      48        0.0%
BANK27             100      0       0      49        0.0%
BITBANK26          100      0       0      46        0.0%
BANK26             100      0       0      47        0.0%
BITBANK25          100      0       0      44        0.0%
BANK25             100      0       0      45        0.0%
BITBANK24          100      0       0      42        0.0%
BANK24             100      0       0      43        0.0%
BITBANK23          100      0       0      40        0.0%
BANK23             100      0       0      41        0.0%
BITBANK22          100      0       0      38        0.0%
BANK22             100      0       0      39        0.0%
BITBANK21          100      0       0      36        0.0%
BANK21             100      0       0      37        0.0%
BITBANK20          100      0       0      34        0.0%
BANK20             100      0       0      35        0.0%
BITBANK19          100      0       0      32        0.0%
BANK19             100      0       0      33        0.0%
BITBANK18          100      0       0      30        0.0%
BANK18             100      0       0      31        0.0%
BITBANK17          100      0       0      28        0.0%
BANK17             100      0       0      29        0.0%
BITBANK16          100      0       0      26        0.0%
BANK16             100      0       0      27        0.0%
BITBANK15          100      0       0      24        0.0%
BANK15             100      0       0      25        0.0%
BITBANK14          100      0       0      22        0.0%
BANK14             100      0       0      23        0.0%
BITBANK13          100      0       0      20        0.0%
BANK13             100      0       0      21        0.0%
BITBANK12          100      0       0      18        0.0%
BANK12             100      0       0      19        0.0%
BITBANK11          100      0       0      16        0.0%
BANK11             100      0       0      17        0.0%
BITBANK10          100      0       0      14        0.0%
BANK10             100      0       0      15        0.0%
BITBANK9           100      0       0      12        0.0%
BANK9              100      0       0      13        0.0%
BITBANK8           100      0       0      10        0.0%
BANK8              100      0       0      11        0.0%
BITBANK7           100      0       0       8        0.0%
BANK7              100      0       0       9        0.0%
BITBANK6           100      0       0       6        0.0%
BANK6              100      0       0       7        0.0%
BITBANK5            A0      0       0       4        0.0%
BANK5               A0      0       0       5        0.0%
BITCOMRAM           5F      0       0       0        0.0%
COMRAM              5F      1       F       1       15.8%
BITSFR_5             0      0       0     200        0.0%
SFR_5                0      0       0     200        0.0%
BITSFR_4             0      0       0     200        0.0%
SFR_4                0      0       0     200        0.0%
BITSFR_3             0      0       0     200        0.0%
SFR_3                0      0       0     200        0.0%
BITSFR_2             0      0       0     200        0.0%
SFR_2                0      0       0     200        0.0%
BITSFR_1             0      0       0     200        0.0%
SFR_1                0      0       0     200        0.0%
BITSFR               0      0       0     200        0.0%
SFR                  0      0       0     200        0.0%
STACK                0      0       0       2        0.0%
NULL                 0      0       0       0        0.0%
ABS                  0      0       F      69        0.0%
DATA                 0      0       F       3        0.0%
CODE                 0      0       0       0        0.0%


Microchip Technology PIC18 Macro Assembler V2.31 build 20201012212115 
Symbol Table                                                                                   Sun Feb 28 16:59:33 2021

     __size_of_SysTickSetup 0022                          l13 FF3C                          l22 FF3E  
                        l16 FF5A                          l19 FF7C                          l59 FF4A  
                        l67 FFFA                          u30 FFD6                          u31 FFD2  
                        u40 FFEA                          u41 FFE6                         l801 FF94  
                       l743 FF4C                         l747 FF40                         l781 FFEA  
                       l775 FF5C                         l783 FFEE                         l791 FF80  
                       l785 FFF2                         l777 FFC6                         l793 FF84  
                       l787 FFF8                         l779 FFD6                         l795 FF88  
                       l797 FF8C                         l789 FF7E                         l799 FF90  
                       wreg 0004E8                        _LATA 0004BE                        _main FF7E  
              _SysTickSetup FF5C                        start FFFC        __size_of_SystemSleep 0002  
              ___param_bank 000000                  _ClockSetup FF3C                       ?_main 050F  
                     _TRISA 0004C6                       tablat 0004F5                       status 0004D8  
           __initialization FFA0                __end_of_main FFA0                      ??_main 0510  
             __activetblptr 000000                      _ANSELA 000400                      _T0CON0 00031A  
                    _T0CON1 00031B          __size_of_GpioSetup 0010                 ?_ClockSetup 050F  
                    clear_0 FFBA                __pdataCOMRAM 050E                      tblptrh 0004F7  
                    tblptrl 0004F6                      tblptru 0004F8                  _UserAppRun FFC6  
                __accesstop 0560     __end_of__initialization FFC0               ___rparam_used 000001  
          _G_u8UserAppFlags 050D              __pcstackCOMRAM 050F           __end_of_GpioSetup FF5C  
       __size_of_ClockSetup 0002                 ?_UserAppRun 050F               ??_SystemSleep 050F  
                   __Hparam 0000                     __Lparam 0000                     __pcinit FFA0  
                   __ramtop 2600                     __ptext0 FF7E                     __ptext1 FFC6  
                   __ptext2 FF40                     __ptext3 FF3E                     __ptext4 FF5C  
                   __ptext5 FF4C                     __ptext6 FF3C        end_of_initialization FFC0  
          _G_u32SystemFlags 0501                     postinc0 0004EE         __end_of_SystemSleep FF40  
              ??_ClockSetup 050F         __size_of_UserAppRun 0036          __end_of_ClockSetup FF3E  
             __pidataCOMRAM FF3B                   _GpioSetup FF4C         start_initialization FFA0  
             ?_SysTickSetup 050F                 _SystemSleep FF3E                  ?_GpioSetup 050F  
               __pbssCOMRAM 0501           _UserAppInitialize FF40                ??_UserAppRun 050F  
        ?_UserAppInitialize 050F              ??_SysTickSetup 050F         ??_UserAppInitialize 050F  
        __end_of_UserAppRun FFFC   __end_of_UserAppInitialize FF4C                 ??_GpioSetup 050F  
                  __Hrparam 0000                    __Lrparam 0000         UserAppRun@u8Counter 050E  
      __end_of_SysTickSetup FF7E  __size_of_UserAppInitialize 000C               __size_of_main 0022  
              ?_SystemSleep 050F          _G_u32SystemTime1ms 0509               _UserAppRun$64 050F  
         _G_u32SystemTime1s 0505  
