

Microchip MPLAB XC8 Assembler V2.31 build 20201012212115 
                                                                                               Wed Mar 03 14:07:12 2021

Microchip MPLAB XC8 C Compiler v2.31 (Free license) build 20201012212115 Og1 
     1                           	processor	18F27Q43
     2                           	fnconf	rparam,??,?,0
     3                           	pagewidth 120
     4                           	opt	flic
     5                           	psect	idataCOMRAM,global,class=CODE,delta=1,noexec
     6                           	psect	cinit,global,reloc=2,class=CODE,delta=1
     7                           	psect	bssCOMRAM,global,class=COMRAM,space=1,delta=1,lowdata,noexec
     8                           	psect	dataCOMRAM,global,class=COMRAM,space=1,delta=1,lowdata,noexec
     9                           	psect	cstackCOMRAM,global,class=COMRAM,space=1,delta=1,lowdata,noexec
    10                           	psect	text0,global,reloc=2,class=CODE,delta=1
    11                           	psect	text1,global,reloc=2,class=CODE,delta=1
    12                           	psect	text2,global,reloc=2,class=CODE,delta=1
    13                           	psect	text3,global,reloc=2,class=CODE,delta=1
    14                           	psect	text4,global,reloc=2,class=CODE,delta=1
    15                           	psect	text5,global,reloc=2,class=CODE,delta=1
    16                           	psect	text6,global,reloc=2,class=CODE,delta=1
    17                           	psect	text7,global,reloc=2,class=CODE,delta=1
    18                           	psect	intsave_regs,global,class=BIGRAM,space=1,delta=1,noexec
    19                           	psect	rparam,global,class=COMRAM,space=1,delta=1,noexec
    20                           	psect	idloc,global,abs,ovrld,class=IDLOC,space=5,delta=1,noexec
    21                           	psect	config,global,abs,ovrld,class=CONFIG,space=4,delta=1,noexec
    22  0000                     
    23                           ; Version 2.30
    24                           ; Generated 20/08/2020 GMT
    25                           ; 
    26                           ; Copyright © 2020, Microchip Technology Inc. and its subsidiaries ("Microchip")
    27                           ; All rights reserved.
    28                           ; 
    29                           ; This software is developed by Microchip Technology Inc. and its subsidiaries ("Microch
      +                          ip").
    30                           ; 
    31                           ; Redistribution and use in source and binary forms, with or without modification, are
    32                           ; permitted provided that the following conditions are met:
    33                           ; 
    34                           ;     1. Redistributions of source code must retain the above copyright notice, this lis
      +                          t of
    35                           ;        conditions and the following disclaimer.
    36                           ; 
    37                           ;     2. Redistributions in binary form must reproduce the above copyright notice, this 
      +                          list
    38                           ;        of conditions and the following disclaimer in the documentation and/or other
    39                           ;        materials provided with the distribution. Publication is not required when
    40                           ;        this file is used in an embedded application.
    41                           ; 
    42                           ;     3. Microchip's name may not be used to endorse or promote products derived from th
      +                          is
    43                           ;        software without specific prior written permission.
    44                           ; 
    45                           ; THIS SOFTWARE IS PROVIDED BY MICROCHIP "AS IS" AND ANY EXPRESS OR IMPLIED WARRANTIES,
    46                           ; INCLUDING, BUT NOT LIMITED TO, THE IMPLIED WARRANTIES OF MERCHANTABILITY AND FITNESS F
      +                          OR
    47                           ; PURPOSE ARE DISCLAIMED.  IN NO EVENT SHALL MICROCHIP BE LIABLE FOR ANY DIRECT, INDIREC
      +                          T,
    48                           ; INCIDENTAL, SPECIAL, EXEMPLARY, OR CONSEQUENTIAL DAMAGES (INCLUDING BUT NOT LIMITED TO
    49                           ; PROCUREMENT OF SUBSTITUTE GOODS OR SERVICES; LOSS OF USE, DATA OR PROFITS; OR BUSINESS
    50                           ; INTERRUPTION) HOWSOEVER CAUSED AND ON ANY THEORY OF LIABILITY, WHETHER IN CONTRACT, ST
      +                          RICT
    51                           ; LIABILITY, OR TORT (INCLUDING NEGLIGENCE OR OTHERWISE) ARISING IN ANY WAY OUT OF THE U
      +                          SE OF
    52                           ; THIS SOFTWARE, EVEN IF ADVISED OF THE POSSIBILITY OF SUCH DAMAGE.
    53                           ; 
    54                           ; 
    55                           ; Code-generator required, PIC18F27Q43 Definitions
    56                           ; 
    57                           ; SFR Addresses
    58  0000                     
    59                           	psect	idataCOMRAM
    60  01FEF7                     __pidataCOMRAM:
    61                           	callstack 0
    62                           
    63                           ;initializer for UserAppRun@u8Counter
    64  01FEF7  80                 	db	128
    65  0000                     _TMR0L	set	792
    66  0000                     _TMR0H	set	793
    67  0000                     _T0CON1	set	795
    68  0000                     _T0CON0	set	794
    69  0000                     _ANSELA	set	1024
    70  0000                     _PIR3bits	set	1201
    71  0000                     _LATA	set	1214
    72  0000                     _TRISA	set	1222
    73                           
    74                           ; #config settings
    75                           
    76                           	psect	cinit
    77  01FF7C                     __pcinit:
    78                           	callstack 0
    79  01FF7C                     start_initialization:
    80                           	callstack 0
    81  01FF7C                     __initialization:
    82                           	callstack 0
    83                           
    84                           ; Initialize objects allocated to COMRAM (1 bytes)
    85                           ; load TBLPTR registers with __pidataCOMRAM
    86  01FF7C  0EF7               	movlw	low __pidataCOMRAM
    87  01FF7E  6EF6               	movwf	tblptrl,c
    88  01FF80  0EFE               	movlw	high __pidataCOMRAM
    89  01FF82  6EF7               	movwf	tblptrh,c
    90  01FF84  0E01               	movlw	low (__pidataCOMRAM shr (0+16))
    91  01FF86  6EF8               	movwf	tblptru,c
    92  01FF88  0009               	tblrd		*+	;fetch initializer
    93  01FF8A  0061 F3D4  F512    	movff	tablat,__pdataCOMRAM
    94                           
    95                           ; Clear objects allocated to COMRAM (13 bytes)
    96  01FF90  EE01  F101         	lfsr	0,__pbssCOMRAM
    97  01FF94  0E0D               	movlw	13
    98  01FF96                     clear_0:
    99  01FF96  6AEE               	clrf	postinc0,c
   100  01FF98  06E8               	decf	wreg,f,c
   101  01FF9A  E1FD               	bnz	clear_0
   102  01FF9C                     end_of_initialization:
   103                           	callstack 0
   104  01FF9C                     __end_of__initialization:
   105                           	callstack 0
   106  01FF9C  0100               	movlb	0
   107  01FF9E  EFD1  F0FF         	goto	_main	;jump to C main() function
   108                           
   109                           	psect	bssCOMRAM
   110  000501                     __pbssCOMRAM:
   111                           	callstack 0
   112  000501                     _G_u32SystemFlags:
   113                           	callstack 0
   114  000501                     	ds	4
   115  000505                     _G_u32SystemTime1s:
   116                           	callstack 0
   117  000505                     	ds	4
   118  000509                     _G_u32SystemTime1ms:
   119                           	callstack 0
   120  000509                     	ds	4
   121  00050D                     _G_u8UserAppFlags:
   122                           	callstack 0
   123  00050D                     	ds	1
   124                           
   125                           	psect	dataCOMRAM
   126  000512                     __pdataCOMRAM:
   127                           	callstack 0
   128  000512                     UserAppRun@u8Counter:
   129                           	callstack 0
   130  000512                     	ds	1
   131                           
   132                           	psect	cstackCOMRAM
   133  00050E                     __pcstackCOMRAM:
   134                           	callstack 0
   135  00050E                     TimeXus@u16UserInput:
   136                           	callstack 0
   137                           
   138                           ; 2 bytes @ 0x0
   139  00050E                     	ds	2
   140  000510                     TimeXus@u16UserCount:
   141                           	callstack 0
   142                           
   143                           ; 2 bytes @ 0x2
   144  000510                     	ds	2
   145  000512                     
   146                           ; 1 bytes @ 0x4
   147 ;;
   148 ;;Main: autosize = 0, tempsize = 0, incstack = 0, save=0
   149 ;;
   150 ;; *************** function _main *****************
   151 ;; Defined at:
   152 ;;		line 35 in file "main.c"
   153 ;; Parameters:    Size  Location     Type
   154 ;;		None
   155 ;; Auto vars:     Size  Location     Type
   156 ;;		None
   157 ;; Return value:  Size  Location     Type
   158 ;;                  1    wreg      void 
   159 ;; Registers used:
   160 ;;		wreg, status,2, status,0, cstack
   161 ;; Tracked objects:
   162 ;;		On entry : 0/0
   163 ;;		On exit  : 0/0
   164 ;;		Unchanged: 0/0
   165 ;; Data sizes:     COMRAM   BANK5   BANK6   BANK7   BANK8   BANK9  BANK10  BANK11  BANK12  BANK13  BANK14  BANK15  BANK1
      +6  BANK17  BANK18  BANK19  BANK20  BANK21  BANK22  BANK23  BANK24  BANK25  BANK26  BANK27  BANK28  BANK29  BANK30  BANK3
      +1  BANK32  BANK33  BANK34  BANK35  BANK36  BANK37
   166 ;;      Params:         0       0       0       0       0       0       0       0       0       0       0       0       
      +0       0       0       0       0       0       0       0       0       0       0       0       0       0       0       
      +0       0       0       0       0       0       0
   167 ;;      Locals:         0       0       0       0       0       0       0       0       0       0       0       0       
      +0       0       0       0       0       0       0       0       0       0       0       0       0       0       0       
      +0       0       0       0       0       0       0
   168 ;;      Temps:          0       0       0       0       0       0       0       0       0       0       0       0       
      +0       0       0       0       0       0       0       0       0       0       0       0       0       0       0       
      +0       0       0       0       0       0       0
   169 ;;      Totals:         0       0       0       0       0       0       0       0       0       0       0       0       
      +0       0       0       0       0       0       0       0       0       0       0       0       0       0       0       
      +0       0       0       0       0       0       0
   170 ;;Total ram usage:        0 bytes
   171 ;; Hardware stack levels required when called:    1
   172 ;; This function calls:
   173 ;;		_ClockSetup
   174 ;;		_GpioSetup
   175 ;;		_SysTickSetup
   176 ;;		_SystemSleep
   177 ;;		_TimeXus
   178 ;;		_UserAppInitialize
   179 ;;		_UserAppRun
   180 ;; This function is called by:
   181 ;;		Startup code after reset
   182 ;; This function uses a non-reentrant model
   183 ;;
   184                           
   185                           	psect	text0
   186  01FFA2                     __ptext0:
   187                           	callstack 0
   188  01FFA2                     _main:
   189                           	callstack 127
   190  01FFA2                     
   191                           ;main.c: 37:   G_u32SystemFlags |= (u32)0x80000000;
   192  01FFA2  8E04               	bsf	(_G_u32SystemFlags+3)^(0+1280),7,c	;volatile
   193  01FFA4                     
   194                           ;main.c: 40:   ClockSetup();
   195  01FFA4  EC7C  F0FF         	call	_ClockSetup	;wreg free
   196  01FFA8                     
   197                           ;main.c: 41:   SysTickSetup();
   198  01FFA8  EC9B  F0FF         	call	_SysTickSetup	;wreg free
   199  01FFAC                     
   200                           ;main.c: 42:   GpioSetup();
   201  01FFAC  EC84  F0FF         	call	_GpioSetup	;wreg free
   202  01FFB0                     
   203                           ;main.c: 47:   UserAppInitialize();
   204  01FFB0  EC7E  F0FF         	call	_UserAppInitialize	;wreg free
   205  01FFB4                     l845:
   206                           
   207                           ;main.c: 53:   {;main.c: 57:     UserAppRun();
   208  01FFB4  ECAC  F0FF         	call	_UserAppRun	;wreg free
   209  01FFB8                     
   210                           ;main.c: 61:     (LATA &= 0X7F);
   211  01FFB8  9EBE               	bcf	190,7,c	;volatile
   212  01FFBA                     
   213                           ;main.c: 62:     SystemSleep();
   214  01FFBA  EC7D  F0FF         	call	_SystemSleep	;wreg free
   215  01FFBE                     
   216                           ;main.c: 64:     TimeXus(60000);
   217  01FFBE  0EEA               	movlw	234
   218  01FFC0  6E0F               	movwf	(TimeXus@u16UserInput+1)^(0+1280),c
   219  01FFC2  0E60               	movlw	96
   220  01FFC4  6E0E               	movwf	TimeXus@u16UserInput^(0+1280),c
   221  01FFC6  EC8C  F0FF         	call	_TimeXus	;wreg free
   222  01FFCA                     l853:
   223                           
   224                           ;main.c: 66:    {;main.c: 67:         if(PIR3bits.TMR0IF==1)
   225  01FFCA  AEB1               	btfss	177,7,c	;volatile
   226  01FFCC  EFEA  F0FF         	goto	u41
   227  01FFD0  EFEC  F0FF         	goto	u40
   228  01FFD4                     u41:
   229  01FFD4  EFE5  F0FF         	goto	l853
   230  01FFD8                     u40:
   231  01FFD8                     
   232                           ;main.c: 73:     (LATA |= 0X80);
   233  01FFD8  8EBE               	bsf	190,7,c	;volatile
   234  01FFDA                     
   235                           ;main.c: 75:     TimeXus(60000);
   236  01FFDA  0EEA               	movlw	234
   237  01FFDC  6E0F               	movwf	(TimeXus@u16UserInput+1)^(0+1280),c
   238  01FFDE  0E60               	movlw	96
   239  01FFE0  6E0E               	movwf	TimeXus@u16UserInput^(0+1280),c
   240  01FFE2  EC8C  F0FF         	call	_TimeXus	;wreg free
   241  01FFE6                     l861:
   242                           
   243                           ;main.c: 78:    {;main.c: 79:         if(PIR3bits.TMR0IF==1)
   244  01FFE6  AEB1               	btfss	177,7,c	;volatile
   245  01FFE8  EFF8  F0FF         	goto	u51
   246  01FFEC  EFFA  F0FF         	goto	u50
   247  01FFF0                     u51:
   248  01FFF0  EFF3  F0FF         	goto	l861
   249  01FFF4                     u50:
   250  01FFF4  EFDA  F0FF         	goto	l845
   251  01FFF8  EFFE  F0FF         	goto	start
   252  01FFFC                     __end_of_main:
   253                           	callstack 0
   254                           
   255 ;; *************** function _UserAppRun *****************
   256 ;; Defined at:
   257 ;;		line 133 in file "user_app.c"
   258 ;; Parameters:    Size  Location     Type
   259 ;;		None
   260 ;; Auto vars:     Size  Location     Type
   261 ;;		None
   262 ;; Return value:  Size  Location     Type
   263 ;;                  1    wreg      void 
   264 ;; Registers used:
   265 ;;		wreg, status,2, status,0
   266 ;; Tracked objects:
   267 ;;		On entry : 0/0
   268 ;;		On exit  : 0/0
   269 ;;		Unchanged: 0/0
   270 ;; Data sizes:     COMRAM   BANK5   BANK6   BANK7   BANK8   BANK9  BANK10  BANK11  BANK12  BANK13  BANK14  BANK15  BANK1
      +6  BANK17  BANK18  BANK19  BANK20  BANK21  BANK22  BANK23  BANK24  BANK25  BANK26  BANK27  BANK28  BANK29  BANK30  BANK3
      +1  BANK32  BANK33  BANK34  BANK35  BANK36  BANK37
   271 ;;      Params:         0       0       0       0       0       0       0       0       0       0       0       0       
      +0       0       0       0       0       0       0       0       0       0       0       0       0       0       0       
      +0       0       0       0       0       0       0
   272 ;;      Locals:         0       0       0       0       0       0       0       0       0       0       0       0       
      +0       0       0       0       0       0       0       0       0       0       0       0       0       0       0       
      +0       0       0       0       0       0       0
   273 ;;      Temps:          0       0       0       0       0       0       0       0       0       0       0       0       
      +0       0       0       0       0       0       0       0       0       0       0       0       0       0       0       
      +0       0       0       0       0       0       0
   274 ;;      Totals:         0       0       0       0       0       0       0       0       0       0       0       0       
      +0       0       0       0       0       0       0       0       0       0       0       0       0       0       0       
      +0       0       0       0       0       0       0
   275 ;;Total ram usage:        0 bytes
   276 ;; Hardware stack levels used:    1
   277 ;; This function calls:
   278 ;;		Nothing
   279 ;; This function is called by:
   280 ;;		_main
   281 ;; This function uses a non-reentrant model
   282 ;;
   283                           
   284                           	psect	text1
   285  01FF58                     __ptext1:
   286                           	callstack 0
   287  01FF58                     _UserAppRun:
   288                           	callstack 127
   289  01FF58                     
   290                           ;user_app.c: 135:     static u8 u8Counter = 0x80;;user_app.c: 137:     if(u8Counter == 0
      +                          xFF)
   291  01FF58  2812               	incf	UserAppRun@u8Counter^(0+1280),w,c
   292  01FF5A  A4D8               	btfss	status,2,c
   293  01FF5C  EFB2  F0FF         	goto	u11
   294  01FF60  EFB4  F0FF         	goto	u10
   295  01FF64                     u11:
   296  01FF64  EFB8  F0FF         	goto	l775
   297  01FF68                     u10:
   298  01FF68                     
   299                           ;user_app.c: 138:     {;user_app.c: 139:         u8Counter=0x80;
   300  01FF68  0E80               	movlw	128
   301  01FF6A  6E12               	movwf	UserAppRun@u8Counter^(0+1280),c
   302                           
   303                           ;user_app.c: 140:     }
   304  01FF6C  EFBA  F0FF         	goto	l777
   305  01FF70                     l775:
   306                           
   307                           ;user_app.c: 142:     {;user_app.c: 143:         u8Counter=u8Counter+1;
   308  01FF70  2812               	incf	UserAppRun@u8Counter^(0+1280),w,c
   309  01FF72  6E12               	movwf	UserAppRun@u8Counter^(0+1280),c
   310  01FF74                     l777:
   311                           
   312                           ;user_app.c: 146:     LATA= u8Counter;
   313  01FF74  0061  F448  F4BE   	movff	UserAppRun@u8Counter,1214	;volatile
   314  01FF7A  0012               	return		;funcret
   315  01FF7C                     __end_of_UserAppRun:
   316                           	callstack 0
   317                           
   318 ;; *************** function _UserAppInitialize *****************
   319 ;; Defined at:
   320 ;;		line 76 in file "user_app.c"
   321 ;; Parameters:    Size  Location     Type
   322 ;;		None
   323 ;; Auto vars:     Size  Location     Type
   324 ;;		None
   325 ;; Return value:  Size  Location     Type
   326 ;;                  1    wreg      void 
   327 ;; Registers used:
   328 ;;		wreg, status,2
   329 ;; Tracked objects:
   330 ;;		On entry : 0/0
   331 ;;		On exit  : 0/0
   332 ;;		Unchanged: 0/0
   333 ;; Data sizes:     COMRAM   BANK5   BANK6   BANK7   BANK8   BANK9  BANK10  BANK11  BANK12  BANK13  BANK14  BANK15  BANK1
      +6  BANK17  BANK18  BANK19  BANK20  BANK21  BANK22  BANK23  BANK24  BANK25  BANK26  BANK27  BANK28  BANK29  BANK30  BANK3
      +1  BANK32  BANK33  BANK34  BANK35  BANK36  BANK37
   334 ;;      Params:         0       0       0       0       0       0       0       0       0       0       0       0       
      +0       0       0       0       0       0       0       0       0       0       0       0       0       0       0       
      +0       0       0       0       0       0       0
   335 ;;      Locals:         0       0       0       0       0       0       0       0       0       0       0       0       
      +0       0       0       0       0       0       0       0       0       0       0       0       0       0       0       
      +0       0       0       0       0       0       0
   336 ;;      Temps:          0       0       0       0       0       0       0       0       0       0       0       0       
      +0       0       0       0       0       0       0       0       0       0       0       0       0       0       0       
      +0       0       0       0       0       0       0
   337 ;;      Totals:         0       0       0       0       0       0       0       0       0       0       0       0       
      +0       0       0       0       0       0       0       0       0       0       0       0       0       0       0       
      +0       0       0       0       0       0       0
   338 ;;Total ram usage:        0 bytes
   339 ;; Hardware stack levels used:    1
   340 ;; This function calls:
   341 ;;		Nothing
   342 ;; This function is called by:
   343 ;;		_main
   344 ;; This function uses a non-reentrant model
   345 ;;
   346                           
   347                           	psect	text2
   348  01FEFC                     __ptext2:
   349                           	callstack 0
   350  01FEFC                     _UserAppInitialize:
   351                           	callstack 127
   352  01FEFC                     
   353                           ;user_app.c: 79:     T0CON0=0x90;
   354  01FEFC  0E90               	movlw	144
   355  01FEFE  0103               	movlb	3	; () banked
   356  01FF00  6F1A               	movwf	26,b	;volatile
   357                           
   358                           ;user_app.c: 81:     T0CON1=0x54;
   359  01FF02  0E54               	movlw	84
   360  01FF04  6F1B               	movwf	27,b	;volatile
   361  01FF06                     
   362                           ; BSR set to: 3
   363  01FF06  0012               	return		;funcret
   364  01FF08                     __end_of_UserAppInitialize:
   365                           	callstack 0
   366                           
   367 ;; *************** function _TimeXus *****************
   368 ;; Defined at:
   369 ;;		line 116 in file "user_app.c"
   370 ;; Parameters:    Size  Location     Type
   371 ;;  u16UserInput    2    0[COMRAM] unsigned short 
   372 ;; Auto vars:     Size  Location     Type
   373 ;;  u16UserCount    2    2[COMRAM] unsigned short 
   374 ;; Return value:  Size  Location     Type
   375 ;;                  1    wreg      void 
   376 ;; Registers used:
   377 ;;		wreg, status,2, status,0
   378 ;; Tracked objects:
   379 ;;		On entry : 0/0
   380 ;;		On exit  : 0/0
   381 ;;		Unchanged: 0/0
   382 ;; Data sizes:     COMRAM   BANK5   BANK6   BANK7   BANK8   BANK9  BANK10  BANK11  BANK12  BANK13  BANK14  BANK15  BANK1
      +6  BANK17  BANK18  BANK19  BANK20  BANK21  BANK22  BANK23  BANK24  BANK25  BANK26  BANK27  BANK28  BANK29  BANK30  BANK3
      +1  BANK32  BANK33  BANK34  BANK35  BANK36  BANK37
   383 ;;      Params:         2       0       0       0       0       0       0       0       0       0       0       0       
      +0       0       0       0       0       0       0       0       0       0       0       0       0       0       0       
      +0       0       0       0       0       0       0
   384 ;;      Locals:         2       0       0       0       0       0       0       0       0       0       0       0       
      +0       0       0       0       0       0       0       0       0       0       0       0       0       0       0       
      +0       0       0       0       0       0       0
   385 ;;      Temps:          0       0       0       0       0       0       0       0       0       0       0       0       
      +0       0       0       0       0       0       0       0       0       0       0       0       0       0       0       
      +0       0       0       0       0       0       0
   386 ;;      Totals:         4       0       0       0       0       0       0       0       0       0       0       0       
      +0       0       0       0       0       0       0       0       0       0       0       0       0       0       0       
      +0       0       0       0       0       0       0
   387 ;;Total ram usage:        4 bytes
   388 ;; Hardware stack levels used:    1
   389 ;; This function calls:
   390 ;;		Nothing
   391 ;; This function is called by:
   392 ;;		_main
   393 ;; This function uses a non-reentrant model
   394 ;;
   395                           
   396                           	psect	text3
   397  01FF18                     __ptext3:
   398                           	callstack 0
   399  01FF18                     _TimeXus:
   400                           	callstack 127
   401  01FF18                     
   402                           ;user_app.c: 116: void TimeXus(u16 u16UserInput);user_app.c: 117: {;user_app.c: 118:    
      +                           T0CON0 = 0x10;
   403  01FF18  0E10               	movlw	16
   404  01FF1A  0103               	movlb	3	; () banked
   405  01FF1C  6F1A               	movwf	26,b	;volatile
   406  01FF1E                     
   407                           ; BSR set to: 3
   408                           ;user_app.c: 120:     u16 u16UserCount = 0xFFFF - u16UserInput;
   409  01FF1E  1C0E               	comf	TimeXus@u16UserInput^(0+1280),w,c
   410  01FF20  6E10               	movwf	TimeXus@u16UserCount^(0+1280),c
   411  01FF22  1C0F               	comf	(TimeXus@u16UserInput+1)^(0+1280),w,c
   412  01FF24  6E11               	movwf	(TimeXus@u16UserCount+1)^(0+1280),c
   413  01FF26                     
   414                           ; BSR set to: 3
   415                           ;user_app.c: 122:     TMR0H = u16UserCount >> 8;
   416  01FF26  5011               	movf	(TimeXus@u16UserCount+1)^(0+1280),w,c
   417  01FF28  6F19               	movwf	25,b	;volatile
   418  01FF2A                     
   419                           ; BSR set to: 3
   420                           ;user_app.c: 124:     TMR0L = u16UserCount << 8;
   421  01FF2A  0E00               	movlw	0
   422  01FF2C  6F18               	movwf	24,b	;volatile
   423  01FF2E                     
   424                           ; BSR set to: 3
   425                           ;user_app.c: 126:     PIR3bits.TMR0IF=0;
   426  01FF2E  9EB1               	bcf	177,7,c	;volatile
   427  01FF30                     
   428                           ; BSR set to: 3
   429                           ;user_app.c: 128:     T0CON0 = 0x90;
   430  01FF30  0E90               	movlw	144
   431  01FF32  6F1A               	movwf	26,b	;volatile
   432  01FF34                     
   433                           ; BSR set to: 3
   434  01FF34  0012               	return		;funcret
   435  01FF36                     __end_of_TimeXus:
   436                           	callstack 0
   437                           
   438 ;; *************** function _SystemSleep *****************
   439 ;; Defined at:
   440 ;;		line 132 in file "encm369_pic18.c"
   441 ;; Parameters:    Size  Location     Type
   442 ;;		None
   443 ;; Auto vars:     Size  Location     Type
   444 ;;		None
   445 ;; Return value:  Size  Location     Type
   446 ;;                  1    wreg      void 
   447 ;; Registers used:
   448 ;;		None
   449 ;; Tracked objects:
   450 ;;		On entry : 0/0
   451 ;;		On exit  : 0/0
   452 ;;		Unchanged: 0/0
   453 ;; Data sizes:     COMRAM   BANK5   BANK6   BANK7   BANK8   BANK9  BANK10  BANK11  BANK12  BANK13  BANK14  BANK15  BANK1
      +6  BANK17  BANK18  BANK19  BANK20  BANK21  BANK22  BANK23  BANK24  BANK25  BANK26  BANK27  BANK28  BANK29  BANK30  BANK3
      +1  BANK32  BANK33  BANK34  BANK35  BANK36  BANK37
   454 ;;      Params:         0       0       0       0       0       0       0       0       0       0       0       0       
      +0       0       0       0       0       0       0       0       0       0       0       0       0       0       0       
      +0       0       0       0       0       0       0
   455 ;;      Locals:         0       0       0       0       0       0       0       0       0       0       0       0       
      +0       0       0       0       0       0       0       0       0       0       0       0       0       0       0       
      +0       0       0       0       0       0       0
   456 ;;      Temps:          0       0       0       0       0       0       0       0       0       0       0       0       
      +0       0       0       0       0       0       0       0       0       0       0       0       0       0       0       
      +0       0       0       0       0       0       0
   457 ;;      Totals:         0       0       0       0       0       0       0       0       0       0       0       0       
      +0       0       0       0       0       0       0       0       0       0       0       0       0       0       0       
      +0       0       0       0       0       0       0
   458 ;;Total ram usage:        0 bytes
   459 ;; Hardware stack levels used:    1
   460 ;; This function calls:
   461 ;;		Nothing
   462 ;; This function is called by:
   463 ;;		_main
   464 ;; This function uses a non-reentrant model
   465 ;;
   466                           
   467                           	psect	text4
   468  01FEFA                     __ptext4:
   469                           	callstack 0
   470  01FEFA                     _SystemSleep:
   471                           	callstack 127
   472  01FEFA  0012               	return		;funcret
   473  01FEFC                     __end_of_SystemSleep:
   474                           	callstack 0
   475                           
   476 ;; *************** function _SysTickSetup *****************
   477 ;; Defined at:
   478 ;;		line 110 in file "encm369_pic18.c"
   479 ;; Parameters:    Size  Location     Type
   480 ;;		None
   481 ;; Auto vars:     Size  Location     Type
   482 ;;		None
   483 ;; Return value:  Size  Location     Type
   484 ;;                  1    wreg      void 
   485 ;; Registers used:
   486 ;;		wreg, status,2
   487 ;; Tracked objects:
   488 ;;		On entry : 0/0
   489 ;;		On exit  : 0/0
   490 ;;		Unchanged: 0/0
   491 ;; Data sizes:     COMRAM   BANK5   BANK6   BANK7   BANK8   BANK9  BANK10  BANK11  BANK12  BANK13  BANK14  BANK15  BANK1
      +6  BANK17  BANK18  BANK19  BANK20  BANK21  BANK22  BANK23  BANK24  BANK25  BANK26  BANK27  BANK28  BANK29  BANK30  BANK3
      +1  BANK32  BANK33  BANK34  BANK35  BANK36  BANK37
   492 ;;      Params:         0       0       0       0       0       0       0       0       0       0       0       0       
      +0       0       0       0       0       0       0       0       0       0       0       0       0       0       0       
      +0       0       0       0       0       0       0
   493 ;;      Locals:         0       0       0       0       0       0       0       0       0       0       0       0       
      +0       0       0       0       0       0       0       0       0       0       0       0       0       0       0       
      +0       0       0       0       0       0       0
   494 ;;      Temps:          0       0       0       0       0       0       0       0       0       0       0       0       
      +0       0       0       0       0       0       0       0       0       0       0       0       0       0       0       
      +0       0       0       0       0       0       0
   495 ;;      Totals:         0       0       0       0       0       0       0       0       0       0       0       0       
      +0       0       0       0       0       0       0       0       0       0       0       0       0       0       0       
      +0       0       0       0       0       0       0
   496 ;;Total ram usage:        0 bytes
   497 ;; Hardware stack levels used:    1
   498 ;; This function calls:
   499 ;;		Nothing
   500 ;; This function is called by:
   501 ;;		_main
   502 ;; This function uses a non-reentrant model
   503 ;;
   504                           
   505                           	psect	text5
   506  01FF36                     __ptext5:
   507                           	callstack 0
   508  01FF36                     _SysTickSetup:
   509                           	callstack 127
   510  01FF36                     
   511                           ;encm369_pic18.c: 112:   G_u32SystemTime1ms = 0;
   512  01FF36  0E00               	movlw	0
   513  01FF38  6E09               	movwf	_G_u32SystemTime1ms^(0+1280),c	;volatile
   514  01FF3A  0E00               	movlw	0
   515  01FF3C  6E0A               	movwf	(_G_u32SystemTime1ms+1)^(0+1280),c	;volatile
   516  01FF3E  0E00               	movlw	0
   517  01FF40  6E0B               	movwf	(_G_u32SystemTime1ms+2)^(0+1280),c	;volatile
   518  01FF42  0E00               	movlw	0
   519  01FF44  6E0C               	movwf	(_G_u32SystemTime1ms+3)^(0+1280),c	;volatile
   520                           
   521                           ;encm369_pic18.c: 113:   G_u32SystemTime1s = 0;
   522  01FF46  0E00               	movlw	0
   523  01FF48  6E05               	movwf	_G_u32SystemTime1s^(0+1280),c	;volatile
   524  01FF4A  0E00               	movlw	0
   525  01FF4C  6E06               	movwf	(_G_u32SystemTime1s+1)^(0+1280),c	;volatile
   526  01FF4E  0E00               	movlw	0
   527  01FF50  6E07               	movwf	(_G_u32SystemTime1s+2)^(0+1280),c	;volatile
   528  01FF52  0E00               	movlw	0
   529  01FF54  6E08               	movwf	(_G_u32SystemTime1s+3)^(0+1280),c	;volatile
   530  01FF56  0012               	return		;funcret
   531  01FF58                     __end_of_SysTickSetup:
   532                           	callstack 0
   533                           
   534 ;; *************** function _GpioSetup *****************
   535 ;; Defined at:
   536 ;;		line 89 in file "encm369_pic18.c"
   537 ;; Parameters:    Size  Location     Type
   538 ;;		None
   539 ;; Auto vars:     Size  Location     Type
   540 ;;		None
   541 ;; Return value:  Size  Location     Type
   542 ;;                  1    wreg      void 
   543 ;; Registers used:
   544 ;;		wreg, status,2
   545 ;; Tracked objects:
   546 ;;		On entry : 0/0
   547 ;;		On exit  : 0/0
   548 ;;		Unchanged: 0/0
   549 ;; Data sizes:     COMRAM   BANK5   BANK6   BANK7   BANK8   BANK9  BANK10  BANK11  BANK12  BANK13  BANK14  BANK15  BANK1
      +6  BANK17  BANK18  BANK19  BANK20  BANK21  BANK22  BANK23  BANK24  BANK25  BANK26  BANK27  BANK28  BANK29  BANK30  BANK3
      +1  BANK32  BANK33  BANK34  BANK35  BANK36  BANK37
   550 ;;      Params:         0       0       0       0       0       0       0       0       0       0       0       0       
      +0       0       0       0       0       0       0       0       0       0       0       0       0       0       0       
      +0       0       0       0       0       0       0
   551 ;;      Locals:         0       0       0       0       0       0       0       0       0       0       0       0       
      +0       0       0       0       0       0       0       0       0       0       0       0       0       0       0       
      +0       0       0       0       0       0       0
   552 ;;      Temps:          0       0       0       0       0       0       0       0       0       0       0       0       
      +0       0       0       0       0       0       0       0       0       0       0       0       0       0       0       
      +0       0       0       0       0       0       0
   553 ;;      Totals:         0       0       0       0       0       0       0       0       0       0       0       0       
      +0       0       0       0       0       0       0       0       0       0       0       0       0       0       0       
      +0       0       0       0       0       0       0
   554 ;;Total ram usage:        0 bytes
   555 ;; Hardware stack levels used:    1
   556 ;; This function calls:
   557 ;;		Nothing
   558 ;; This function is called by:
   559 ;;		_main
   560 ;; This function uses a non-reentrant model
   561 ;;
   562                           
   563                           	psect	text6
   564  01FF08                     __ptext6:
   565                           	callstack 0
   566  01FF08                     _GpioSetup:
   567                           	callstack 127
   568  01FF08                     
   569                           ;encm369_pic18.c: 91:     TRISA=0x00;
   570  01FF08  0E00               	movlw	0
   571  01FF0A  6EC6               	movwf	198,c	;volatile
   572                           
   573                           ;encm369_pic18.c: 92:     ANSELA=0x00;
   574  01FF0C  0E00               	movlw	0
   575  01FF0E  0104               	movlb	4	; () banked
   576  01FF10  6F00               	movwf	0,b	;volatile
   577                           
   578                           ;encm369_pic18.c: 93:     LATA=0x80;
   579  01FF12  0E80               	movlw	128
   580  01FF14  6EBE               	movwf	190,c	;volatile
   581  01FF16                     
   582                           ; BSR set to: 4
   583  01FF16  0012               	return		;funcret
   584  01FF18                     __end_of_GpioSetup:
   585                           	callstack 0
   586                           
   587 ;; *************** function _ClockSetup *****************
   588 ;; Defined at:
   589 ;;		line 70 in file "encm369_pic18.c"
   590 ;; Parameters:    Size  Location     Type
   591 ;;		None
   592 ;; Auto vars:     Size  Location     Type
   593 ;;		None
   594 ;; Return value:  Size  Location     Type
   595 ;;                  1    wreg      void 
   596 ;; Registers used:
   597 ;;		None
   598 ;; Tracked objects:
   599 ;;		On entry : 0/0
   600 ;;		On exit  : 0/0
   601 ;;		Unchanged: 0/0
   602 ;; Data sizes:     COMRAM   BANK5   BANK6   BANK7   BANK8   BANK9  BANK10  BANK11  BANK12  BANK13  BANK14  BANK15  BANK1
      +6  BANK17  BANK18  BANK19  BANK20  BANK21  BANK22  BANK23  BANK24  BANK25  BANK26  BANK27  BANK28  BANK29  BANK30  BANK3
      +1  BANK32  BANK33  BANK34  BANK35  BANK36  BANK37
   603 ;;      Params:         0       0       0       0       0       0       0       0       0       0       0       0       
      +0       0       0       0       0       0       0       0       0       0       0       0       0       0       0       
      +0       0       0       0       0       0       0
   604 ;;      Locals:         0       0       0       0       0       0       0       0       0       0       0       0       
      +0       0       0       0       0       0       0       0       0       0       0       0       0       0       0       
      +0       0       0       0       0       0       0
   605 ;;      Temps:          0       0       0       0       0       0       0       0       0       0       0       0       
      +0       0       0       0       0       0       0       0       0       0       0       0       0       0       0       
      +0       0       0       0       0       0       0
   606 ;;      Totals:         0       0       0       0       0       0       0       0       0       0       0       0       
      +0       0       0       0       0       0       0       0       0       0       0       0       0       0       0       
      +0       0       0       0       0       0       0
   607 ;;Total ram usage:        0 bytes
   608 ;; Hardware stack levels used:    1
   609 ;; This function calls:
   610 ;;		Nothing
   611 ;; This function is called by:
   612 ;;		_main
   613 ;; This function uses a non-reentrant model
   614 ;;
   615                           
   616                           	psect	text7
   617  01FEF8                     __ptext7:
   618                           	callstack 0
   619  01FEF8                     _ClockSetup:
   620                           	callstack 127
   621  01FEF8  0012               	return		;funcret
   622  01FEFA                     __end_of_ClockSetup:
   623                           	callstack 0
   624  0000                     
   625                           	psect	rparam
   626  0000                     
   627                           	psect	idloc
   628                           
   629                           ;Config register IDLOC0 @ 0x200000
   630                           ;	unspecified, using default values
   631  200000                     	org	2097152
   632  200000  0FFF               	dw	4095
   633                           
   634                           ;Config register IDLOC1 @ 0x200002
   635                           ;	unspecified, using default values
   636  200002                     	org	2097154
   637  200002  0FFF               	dw	4095
   638                           
   639                           ;Config register IDLOC2 @ 0x200004
   640                           ;	unspecified, using default values
   641  200004                     	org	2097156
   642  200004  0FFF               	dw	4095
   643                           
   644                           ;Config register IDLOC3 @ 0x200006
   645                           ;	unspecified, using default values
   646  200006                     	org	2097158
   647  200006  0FFF               	dw	4095
   648                           
   649                           ;Config register IDLOC4 @ 0x200008
   650                           ;	unspecified, using default values
   651  200008                     	org	2097160
   652  200008  0FFF               	dw	4095
   653                           
   654                           ;Config register IDLOC5 @ 0x20000A
   655                           ;	unspecified, using default values
   656  20000A                     	org	2097162
   657  20000A  0FFF               	dw	4095
   658                           
   659                           ;Config register IDLOC6 @ 0x20000C
   660                           ;	unspecified, using default values
   661  20000C                     	org	2097164
   662  20000C  0FFF               	dw	4095
   663                           
   664                           ;Config register IDLOC7 @ 0x20000E
   665                           ;	unspecified, using default values
   666  20000E                     	org	2097166
   667  20000E  0FFF               	dw	4095
   668                           
   669                           ;Config register IDLOC8 @ 0x200010
   670                           ;	unspecified, using default values
   671  200010                     	org	2097168
   672  200010  0FFF               	dw	4095
   673                           
   674                           ;Config register IDLOC9 @ 0x200012
   675                           ;	unspecified, using default values
   676  200012                     	org	2097170
   677  200012  0FFF               	dw	4095
   678                           
   679                           ;Config register IDLOC10 @ 0x200014
   680                           ;	unspecified, using default values
   681  200014                     	org	2097172
   682  200014  0FFF               	dw	4095
   683                           
   684                           ;Config register IDLOC11 @ 0x200016
   685                           ;	unspecified, using default values
   686  200016                     	org	2097174
   687  200016  0FFF               	dw	4095
   688                           
   689                           ;Config register IDLOC12 @ 0x200018
   690                           ;	unspecified, using default values
   691  200018                     	org	2097176
   692  200018  0FFF               	dw	4095
   693                           
   694                           ;Config register IDLOC13 @ 0x20001A
   695                           ;	unspecified, using default values
   696  20001A                     	org	2097178
   697  20001A  0FFF               	dw	4095
   698                           
   699                           ;Config register IDLOC14 @ 0x20001C
   700                           ;	unspecified, using default values
   701  20001C                     	org	2097180
   702  20001C  0FFF               	dw	4095
   703                           
   704                           ;Config register IDLOC15 @ 0x20001E
   705                           ;	unspecified, using default values
   706  20001E                     	org	2097182
   707  20001E  0FFF               	dw	4095
   708                           
   709                           	psect	config
   710                           
   711                           ;Config register CONFIG1 @ 0x300000
   712                           ;	External Oscillator Selection
   713                           ;	FEXTOSC = OFF, Oscillator not enabled
   714                           ;	Reset Oscillator Selection
   715                           ;	RSTOSC = HFINTOSC_64MHZ, HFINTOSC with HFFRQ = 64 MHz and CDIV = 1:1
   716  300000                     	org	3145728
   717  300000  8C                 	db	140
   718                           
   719                           ;Config register CONFIG2 @ 0x300001
   720                           ;	Clock out Enable bit
   721                           ;	CLKOUTEN = ON, CLKOUT function is enabled
   722                           ;	PRLOCKED One-Way Set Enable bit
   723                           ;	PR1WAY = ON, PRLOCKED bit can be cleared and set only once
   724                           ;	Clock Switch Enable bit
   725                           ;	CSWEN = ON, Writing to NOSC and NDIV is allowed
   726                           ;	Fail-Safe Clock Monitor Enable bit
   727                           ;	FCMEN = ON, Fail-Safe Clock Monitor enabled
   728  300001                     	org	3145729
   729  300001  FE                 	db	254
   730                           
   731                           ;Config register CONFIG3 @ 0x300002
   732                           ;	MCLR Enable bit
   733                           ;	MCLRE = EXTMCLR, If LVP = 0, MCLR pin is MCLR; If LVP = 1, RE3 pin function is MCLR
   734                           ;	Power-up timer selection bits
   735                           ;	PWRTS = PWRT_OFF, PWRT is disabled
   736                           ;	Multi-vector enable bit
   737                           ;	MVECEN = ON, Multi-vector enabled, Vector table used for interrupts
   738                           ;	IVTLOCK bit One-way set enable bit
   739                           ;	IVT1WAY = ON, IVTLOCKED bit can be cleared and set only once
   740                           ;	Low Power BOR Enable bit
   741                           ;	LPBOREN = OFF, Low-Power BOR disabled
   742                           ;	Brown-out Reset Enable bits
   743                           ;	BOREN = SBORDIS, Brown-out Reset enabled , SBOREN bit is ignored
   744  300002                     	org	3145730
   745  300002  FF                 	db	255
   746                           
   747                           ;Config register CONFIG4 @ 0x300003
   748                           ;	Brown-out Reset Voltage Selection bits
   749                           ;	BORV = VBOR_2P85, Brown-out Reset Voltage (VBOR) set to 2.8V
   750                           ;	ZCD Disable bit
   751                           ;	ZCD = OFF, ZCD module is disabled. ZCD can be enabled by setting the ZCDSEN bit of ZCD
      +                          CON
   752                           ;	PPSLOCK bit One-Way Set Enable bit
   753                           ;	PPS1WAY = ON, PPSLOCKED bit can be cleared and set only once; PPS registers remain loc
      +                          ked after one clear/set cycle
   754                           ;	Stack Full/Underflow Reset Enable bit
   755                           ;	STVREN = ON, Stack full/underflow will cause Reset
   756                           ;	Low Voltage Programming Enable bit
   757                           ;	LVP = ON, Low voltage programming enabled. MCLR/VPP pin function is MCLR. MCLRE config
      +                          uration bit is ignored
   758                           ;	Extended Instruction Set Enable bit
   759                           ;	XINST = OFF, Extended Instruction Set and Indexed Addressing Mode disabled
   760  300003                     	org	3145731
   761  300003  FC                 	db	252
   762                           
   763                           ;Config register CONFIG5 @ 0x300004
   764                           ;	WDT Period selection bits
   765                           ;	WDTCPS = WDTCPS_31, Divider ratio 1:65536; software control of WDTPS
   766                           ;	WDT operating mode
   767                           ;	WDTE = OFF, WDT Disabled; SWDTEN is ignored
   768  300004                     	org	3145732
   769  300004  9F                 	db	159
   770                           
   771                           ;Config register CONFIG6 @ 0x300005
   772                           ;	WDT Window Select bits
   773                           ;	WDTCWS = WDTCWS_7, window always open (100%); software control; keyed access not requi
      +                          red
   774                           ;	WDT input clock selector
   775                           ;	WDTCCS = SC, Software Control
   776  300005                     	org	3145733
   777  300005  FF                 	db	255
   778                           
   779                           ;Config register CONFIG7 @ 0x300006
   780                           ;	Boot Block Size selection bits
   781                           ;	BBSIZE = BBSIZE_512, Boot Block size is 512 words
   782                           ;	Boot Block enable bit
   783                           ;	BBEN = OFF, Boot block disabled
   784                           ;	Storage Area Flash enable bit
   785                           ;	SAFEN = OFF, SAF disabled
   786                           ;	Background Debugger
   787                           ;	DEBUG = OFF, Background Debugger disabled
   788  300006                     	org	3145734
   789  300006  FF                 	db	255
   790                           
   791                           ;Config register CONFIG8 @ 0x300007
   792                           ;	Boot Block Write Protection bit
   793                           ;	WRTB = OFF, Boot Block not Write protected
   794                           ;	Configuration Register Write Protection bit
   795                           ;	WRTC = OFF, Configuration registers not Write protected
   796                           ;	Data EEPROM Write Protection bit
   797                           ;	WRTD = OFF, Data EEPROM not Write protected
   798                           ;	SAF Write protection bit
   799                           ;	WRTSAF = OFF, SAF not Write Protected
   800                           ;	Application Block write protection bit
   801                           ;	WRTAPP = OFF, Application Block not write protected
   802  300007                     	org	3145735
   803  300007  FF                 	db	255
   804                           
   805                           ; Padding undefined space
   806  300008                     	org	3145736
   807  300008  FF                 	db	255
   808                           
   809                           ;Config register CONFIG10 @ 0x300009
   810                           ;	PFM and Data EEPROM Code Protection bit
   811                           ;	CP = OFF, PFM and Data EEPROM code protection disabled
   812  300009                     	org	3145737
   813  300009  FF                 	db	255
   814                           tosu	equ	0x4FF
   815                           tosh	equ	0x4FE
   816                           tosl	equ	0x4FD
   817                           stkptr	equ	0x4FC
   818                           pclatu	equ	0x4FB
   819                           pclath	equ	0x4FA
   820                           pcl	equ	0x4F9
   821                           tblptru	equ	0x4F8
   822                           tblptrh	equ	0x4F7
   823                           tblptrl	equ	0x4F6
   824                           tablat	equ	0x4F5
   825                           prodh	equ	0x4F4
   826                           prodl	equ	0x4F3
   827                           indf0	equ	0x4EF
   828                           postinc0	equ	0x4EE
   829                           postdec0	equ	0x4ED
   830                           preinc0	equ	0x4EC
   831                           plusw0	equ	0x4EB
   832                           fsr0h	equ	0x4EA
   833                           fsr0l	equ	0x4E9
   834                           wreg	equ	0x4E8
   835                           indf1	equ	0x4E7
   836                           postinc1	equ	0x4E6
   837                           postdec1	equ	0x4E5
   838                           preinc1	equ	0x4E4
   839                           plusw1	equ	0x4E3
   840                           fsr1h	equ	0x4E2
   841                           fsr1l	equ	0x4E1
   842                           bsr	equ	0x4E0
   843                           indf2	equ	0x4DF
   844                           postinc2	equ	0x4DE
   845                           postdec2	equ	0x4DD
   846                           preinc2	equ	0x4DC
   847                           plusw2	equ	0x4DB
   848                           fsr2h	equ	0x4DA
   849                           fsr2l	equ	0x4D9
   850                           status	equ	0x4D8

Data Sizes:
    Strings     0
    Constant    0
    Data        1
    BSS         13
    Persistent  0
    Stack       0

Auto Spaces:
    Space          Size  Autos    Used
    COMRAM           95      4      18
    BANK5           160      0       0
    BANK6           256      0       0
    BANK7           256      0       0
    BANK8           256      0       0
    BANK9           256      0       0
    BANK10          256      0       0
    BANK11          256      0       0
    BANK12          256      0       0
    BANK13          256      0       0
    BANK14          256      0       0
    BANK15          256      0       0
    BANK16          256      0       0
    BANK17          256      0       0
    BANK18          256      0       0
    BANK19          256      0       0
    BANK20          256      0       0
    BANK21          256      0       0
    BANK22          256      0       0
    BANK23          256      0       0
    BANK24          256      0       0
    BANK25          256      0       0
    BANK26          256      0       0
    BANK27          256      0       0
    BANK28          256      0       0
    BANK29          256      0       0
    BANK30          256      0       0
    BANK31          256      0       0
    BANK32          256      0       0
    BANK33          256      0       0
    BANK34          256      0       0
    BANK35          256      0       0
    BANK36          256      0       0
    BANK37          256      0       0

Pointer List with Targets:

    None.

Critical Paths under _main in COMRAM

    _main->_TimeXus

Critical Paths under _main in BANK5

    None.

Critical Paths under _main in BANK6

    None.

Critical Paths under _main in BANK7

    None.

Critical Paths under _main in BANK8

    None.

Critical Paths under _main in BANK9

    None.

Critical Paths under _main in BANK10

    None.

Critical Paths under _main in BANK11

    None.

Critical Paths under _main in BANK12

    None.

Critical Paths under _main in BANK13

    None.

Critical Paths under _main in BANK14

    None.

Critical Paths under _main in BANK15

    None.

Critical Paths under _main in BANK16

    None.

Critical Paths under _main in BANK17

    None.

Critical Paths under _main in BANK18

    None.

Critical Paths under _main in BANK19

    None.

Critical Paths under _main in BANK20

    None.

Critical Paths under _main in BANK21

    None.

Critical Paths under _main in BANK22

    None.

Critical Paths under _main in BANK23

    None.

Critical Paths under _main in BANK24

    None.

Critical Paths under _main in BANK25

    None.

Critical Paths under _main in BANK26

    None.

Critical Paths under _main in BANK27

    None.

Critical Paths under _main in BANK28

    None.

Critical Paths under _main in BANK29

    None.

Critical Paths under _main in BANK30

    None.

Critical Paths under _main in BANK31

    None.

Critical Paths under _main in BANK32

    None.

Critical Paths under _main in BANK33

    None.

Critical Paths under _main in BANK34

    None.

Critical Paths under _main in BANK35

    None.

Critical Paths under _main in BANK36

    None.

Critical Paths under _main in BANK37

    None.

Call Graph Tables:

 ---------------------------------------------------------------------------------
 (Depth) Function   	        Calls       Base Space   Used Autos Params    Refs
 ---------------------------------------------------------------------------------
 (0) _main                                                 0     0      0     197
                         _ClockSetup
                          _GpioSetup
                       _SysTickSetup
                        _SystemSleep
                            _TimeXus
                  _UserAppInitialize
                         _UserAppRun
 ---------------------------------------------------------------------------------
 (1) _UserAppRun                                           0     0      0       0
 ---------------------------------------------------------------------------------
 (1) _UserAppInitialize                                    0     0      0       0
 ---------------------------------------------------------------------------------
 (1) _TimeXus                                              4     2      2     197
                                              0 COMRAM     4     2      2
 ---------------------------------------------------------------------------------
 (1) _SystemSleep                                          0     0      0       0
 ---------------------------------------------------------------------------------
 (1) _SysTickSetup                                         0     0      0       0
 ---------------------------------------------------------------------------------
 (1) _GpioSetup                                            0     0      0       0
 ---------------------------------------------------------------------------------
 (1) _ClockSetup                                           0     0      0       0
 ---------------------------------------------------------------------------------
 Estimated maximum stack depth 1
 ---------------------------------------------------------------------------------

 Call Graph Graphs:

 _main (ROOT)
   _ClockSetup
   _GpioSetup
   _SysTickSetup
   _SystemSleep
   _TimeXus
   _UserAppInitialize
   _UserAppRun

 Address spaces:
Name               Size   Autos  Total    Cost      Usage
BIGRAM            20FF      0       0      71        0.0%
EEDATA             400      0       0       0        0.0%
BITBANK37          100      0       0      70        0.0%
BANK37             100      0       0      68        0.0%
BITBANK36          100      0       0      66        0.0%
BANK36             100      0       0      67        0.0%
BITBANK35          100      0       0      64        0.0%
BANK35             100      0       0      65        0.0%
BITBANK34          100      0       0      62        0.0%
BANK34             100      0       0      63        0.0%
BITBANK33          100      0       0      60        0.0%
BANK33             100      0       0      61        0.0%
BITBANK32          100      0       0      58        0.0%
BANK32             100      0       0      59        0.0%
BITBANK31          100      0       0      56        0.0%
BANK31             100      0       0      57        0.0%
BITBANK30          100      0       0      54        0.0%
BANK30             100      0       0      55        0.0%
BITBANK29          100      0       0      52        0.0%
BANK29             100      0       0      53        0.0%
BITBANK28          100      0       0      50        0.0%
BANK28             100      0       0      51        0.0%
BITBANK27          100      0       0      48        0.0%
BANK27             100      0       0      49        0.0%
BITBANK26          100      0       0      46        0.0%
BANK26             100      0       0      47        0.0%
BITBANK25          100      0       0      44        0.0%
BANK25             100      0       0      45        0.0%
BITBANK24          100      0       0      42        0.0%
BANK24             100      0       0      43        0.0%
BITBANK23          100      0       0      40        0.0%
BANK23             100      0       0      41        0.0%
BITBANK22          100      0       0      38        0.0%
BANK22             100      0       0      39        0.0%
BITBANK21          100      0       0      36        0.0%
BANK21             100      0       0      37        0.0%
BITBANK20          100      0       0      34        0.0%
BANK20             100      0       0      35        0.0%
BITBANK19          100      0       0      32        0.0%
BANK19             100      0       0      33        0.0%
BITBANK18          100      0       0      30        0.0%
BANK18             100      0       0      31        0.0%
BITBANK17          100      0       0      28        0.0%
BANK17             100      0       0      29        0.0%
BITBANK16          100      0       0      26        0.0%
BANK16             100      0       0      27        0.0%
BITBANK15          100      0       0      24        0.0%
BANK15             100      0       0      25        0.0%
BITBANK14          100      0       0      22        0.0%
BANK14             100      0       0      23        0.0%
BITBANK13          100      0       0      20        0.0%
BANK13             100      0       0      21        0.0%
BITBANK12          100      0       0      18        0.0%
BANK12             100      0       0      19        0.0%
BITBANK11          100      0       0      16        0.0%
BANK11             100      0       0      17        0.0%
BITBANK10          100      0       0      14        0.0%
BANK10             100      0       0      15        0.0%
BITBANK9           100      0       0      12        0.0%
BANK9              100      0       0      13        0.0%
BITBANK8           100      0       0      10        0.0%
BANK8              100      0       0      11        0.0%
BITBANK7           100      0       0       8        0.0%
BANK7              100      0       0       9        0.0%
BITBANK6           100      0       0       6        0.0%
BANK6              100      0       0       7        0.0%
BITBANK5            A0      0       0       4        0.0%
BANK5               A0      0       0       5        0.0%
BITCOMRAM           5F      0       0       0        0.0%
COMRAM              5F      4      12       1       18.9%
BITSFR_5             0      0       0     200        0.0%
SFR_5                0      0       0     200        0.0%
BITSFR_4             0      0       0     200        0.0%
SFR_4                0      0       0     200        0.0%
BITSFR_3             0      0       0     200        0.0%
SFR_3                0      0       0     200        0.0%
BITSFR_2             0      0       0     200        0.0%
SFR_2                0      0       0     200        0.0%
BITSFR_1             0      0       0     200        0.0%
SFR_1                0      0       0     200        0.0%
BITSFR               0      0       0     200        0.0%
SFR                  0      0       0     200        0.0%
STACK                0      0       0       2        0.0%
NULL                 0      0       0       0        0.0%
ABS                  0      0      12      69        0.0%
DATA                 0      0      12       3        0.0%
CODE                 0      0       0       0        0.0%


Microchip Technology PIC18 Macro Assembler V2.31 build 20201012212115 
Symbol Table                                                                                   Wed Mar 03 14:07:12 2021

     __size_of_SysTickSetup 0022                          l13 FEF8                          l22 FEFA  
                        l16 FF16                          l19 FF56                          l82 FF34  
                        l79 FF06                          l89 FF7A                          u10 FF68  
                        u11 FF64                          u40 FFD8                          u41 FFD4  
                        u50 FFF4                          u51 FFF0                         l821 FF36  
                       l831 FF2E                         l823 FF18                         l833 FF30  
                       l825 FF1E                         l841 FFAC                         l827 FF26  
                       l771 FF58                         l851 FFBE                         l843 FFB0  
                       l835 FFA2                         l765 FF08                         l829 FF2A  
                       l773 FF68                         l861 FFE6                         l853 FFCA  
                       l845 FFB4                         l837 FFA4                         l775 FF70  
                       l847 FFB8                         l839 FFA8                         l769 FEFC  
                       l777 FF74                         l857 FFD8                         l849 FFBA  
                       l859 FFDA                         wreg 0004E8                        _LATA 0004BE  
                      _main FFA2                _SysTickSetup FF36                        start FFFC  
      __size_of_SystemSleep 0002                ___param_bank 000000                  _ClockSetup FEF8  
           __end_of_TimeXus FF36                       ?_main 050E                       _TMR0H 000319  
                     _TMR0L 000318                       _TRISA 0004C6                       tablat 0004F5  
                     status 0004D8             __initialization FF7C                __end_of_main FFFC  
                    ??_main 0512               __activetblptr 000000                      _ANSELA 000400  
                    _T0CON0 00031A                      _T0CON1 00031B          __size_of_GpioSetup 0010  
                 ??_TimeXus 0510                 ?_ClockSetup 050E                      clear_0 FF96  
              __pdataCOMRAM 0512                      tblptrh 0004F7                      tblptrl 0004F6  
                    tblptru 0004F8                  _UserAppRun FF58                  __accesstop 0560  
   __end_of__initialization FF9C               ___rparam_used 000001            _G_u8UserAppFlags 050D  
            __pcstackCOMRAM 050E           __end_of_GpioSetup FF18         __size_of_ClockSetup 0002  
               ?_UserAppRun 050E               ??_SystemSleep 050E                     __Hparam 0000  
                   __Lparam 0000                     _TimeXus FF18                     __pcinit FF7C  
                   __ramtop 2600                     __ptext0 FFA2                     __ptext1 FF58  
                   __ptext2 FEFC                     __ptext3 FF18                     __ptext4 FEFA  
                   __ptext5 FF36                     __ptext6 FF08                     __ptext7 FEF8  
      end_of_initialization FF9C            _G_u32SystemFlags 0501                     postinc0 0004EE  
       __end_of_SystemSleep FEFC                ??_ClockSetup 050E         __size_of_UserAppRun 0024  
        __end_of_ClockSetup FEFA               __pidataCOMRAM FEF7                   _GpioSetup FF08  
       start_initialization FF7C               ?_SysTickSetup 050E                 _SystemSleep FEFA  
                ?_GpioSetup 050E                 __pbssCOMRAM 0501           _UserAppInitialize FEFC  
              ??_UserAppRun 050E          ?_UserAppInitialize 050E              ??_SysTickSetup 050E  
       ??_UserAppInitialize 050E                    ?_TimeXus 050E          __end_of_UserAppRun FF7C  
 __end_of_UserAppInitialize FF08                    _PIR3bits 0004B1                 ??_GpioSetup 050E  
                  __Hrparam 0000                    __Lrparam 0000            __size_of_TimeXus 001E  
       UserAppRun@u8Counter 0512        __end_of_SysTickSetup FF58  __size_of_UserAppInitialize 000C  
             __size_of_main 005A                ?_SystemSleep 050E          _G_u32SystemTime1ms 0509  
         _G_u32SystemTime1s 0505         TimeXus@u16UserCount 0510         TimeXus@u16UserInput 050E  
